<!DOCTYPE html>


<!--
 | Generated by Apache Maven Doxia Site Renderer 2.0.0 from org.apache.maven.plugins:maven-surefire-report-plugin:3.5.2:report at 2025-03-25
 | Rendered using Apache Maven Fluido Skin 2.0.0-M9
-->
<html xmlns="http://www.w3.org/1999/xhtml" lang="en">
<head>
    <meta charset="UTF-8" />
    <meta name="viewport" content="width=device-width, initial-scale=1" />
    <meta name="generator" content="Apache Maven Doxia Site Renderer 2.0.0" />
    <title>Surefire Report â€“ AutomationExerciseTest</title>
    <link rel="stylesheet" href="css/apache-maven-fluido-2.0.0-M9.min.css" />
    <link rel="stylesheet" href="css/site.css" />
    <link rel="stylesheet" href="css/print.css" media="print" />
    <link rel="icon" type="image/png" href="https://github.com/abiolaah/abiolaah/blob/main/logo.png">
    <script src="js/apache-maven-fluido-2.0.0-M9.min.js"></script>
</head>
<body>
<div class="container container-top">
    <header>
        <div id="banner">
            <div class="pull-left"><div id="bannerLeft"><h1>AutomationExerciseTest</h1></div></div>
            <div class="pull-right"></div>
            <div class="clear"><hr/></div>
        </div>

        <div id="breadcrumbs">
            <ul class="breadcrumb">
                <li id="publishDate">Last Published: 2025-03-25<span class="divider">|</span>
                </li>
                <li id="projectVersion">Version: 1.0-SNAPSHOT</li>
                <li class="pull-right"><a href="${project.url}">AutomationExerciseTest</a></li>
            </ul>
        </div>
    </header>
    <main id="bodyColumn">

        <script>
            function toggleDisplay(elementId) {
             var elm = document.getElementById(elementId + '-error');
             if (elm == null) {
              elm = document.getElementById(elementId + '-failure');
             }
             if (elm && typeof elm.style != "undefined") {
              if (elm.style.display == "none") {
               elm.style.display = "";
               document.getElementById(elementId + '-off').style.display = "none";
               document.getElementById(elementId + '-on').style.display = "inline";
              } else if (elm.style.display == "") {   elm.style.display = "none";
               document.getElementById(elementId + '-off').style.display = "inline";
               document.getElementById(elementId + '-on').style.display = "none";
              }
             }
             }
        </script>
        <section><a id="Surefire_Report"></a>
            <h1>Surefire Report</h1><section><a id="Summary"></a>
                <h2>Summary</h2>
                <p>[<a href="#Summary">Summary</a>] [<a href="#Package_List">Package List</a>] [<a href="#Test_Cases">Test Cases</a>]</p><br />
                <table class="table table-striped">
                    <tr class="a">
                        <th>Tests</th>
                        <th>Errors</th>
                        <th>Failures</th>
                        <th>Skipped</th>
                        <th>Success Rate</th>
                        <th>Time</th></tr>
                    <tr class="b">
                        <td>96</td>
                        <td>12</td>
                        <td>3</td>
                        <td>2</td>
                        <td>82.3%</td>
                        <td>766.0 s</td></tr></table><br />
                <p>Note: failures are anticipated and checked for with assertions while errors are unanticipated.</p><br /></section><section><a id="Package_List"></a>
                <h2>Package List</h2>
                <p>[<a href="#Summary">Summary</a>] [<a href="#Package_List">Package List</a>] [<a href="#Test_Cases">Test Cases</a>]</p><br />
                <table class="table table-striped">
                    <tr class="a">
                        <th>Package</th>
                        <th>Tests</th>
                        <th>Errors</th>
                        <th>Failures</th>
                        <th>Skipped</th>
                        <th>Success Rate</th>
                        <th>Time</th></tr>
                    <tr class="b">
                        <td><a href="#apiLists">apiLists</a></td>
                        <td>2</td>
                        <td>0</td>
                        <td>0</td>
                        <td>0</td>
                        <td>100%</td>
                        <td>9.134 s</td></tr>
                    <tr class="a">
                        <td><a href="#testCases">testCases</a></td>
                        <td>2</td>
                        <td>0</td>
                        <td>0</td>
                        <td>0</td>
                        <td>100%</td>
                        <td>8.324 s</td></tr>
                    <tr class="b">
                        <td><a href="#contact">contact</a></td>
                        <td>10</td>
                        <td>0</td>
                        <td>0</td>
                        <td>0</td>
                        <td>100%</td>
                        <td>47.98 s</td></tr>
                    <tr class="a">
                        <td><a href="#baseTests">baseTests</a></td>
                        <td>2</td>
                        <td>0</td>
                        <td>0</td>
                        <td>2</td>
                        <td>0%</td>
                        <td>0.007 s</td></tr>
                    <tr class="b">
                        <td><a href="#video">video</a></td>
                        <td>2</td>
                        <td>0</td>
                        <td>0</td>
                        <td>0</td>
                        <td>100%</td>
                        <td>7.991 s</td></tr>
                    <tr class="a">
                        <td><a href="#checkout">checkout</a></td>
                        <td>28</td>
                        <td>6</td>
                        <td>3</td>
                        <td>0</td>
                        <td>67.9%</td>
                        <td>390.8 s</td></tr>
                    <tr class="b">
                        <td><a href="#authentications">authentications</a></td>
                        <td>13</td>
                        <td>6</td>
                        <td>0</td>
                        <td>0</td>
                        <td>53.8%</td>
                        <td>73.24 s</td></tr>
                    <tr class="a">
                        <td><a href="#products">products</a></td>
                        <td>32</td>
                        <td>0</td>
                        <td>0</td>
                        <td>0</td>
                        <td>100%</td>
                        <td>213.0 s</td></tr>
                    <tr class="b">
                        <td><a href="#home">home</a></td>
                        <td>5</td>
                        <td>0</td>
                        <td>0</td>
                        <td>0</td>
                        <td>100%</td>
                        <td>15.45 s</td></tr></table><br />
                <p>Note: package statistics are not computed recursively, they only sum up all of its testsuites numbers.</p><section><a id="apiLists"></a>
                    <h3>apiLists</h3>
                    <table class="table table-striped">
                        <tr class="a">
                            <th>-</th>
                            <th>Class</th>
                            <th>Tests</th>
                            <th>Errors</th>
                            <th>Failures</th>
                            <th>Skipped</th>
                            <th>Success Rate</th>
                            <th>Time</th></tr>
                        <tr class="b">
                            <td><a href="#apiLists.VerifyApiListsTest"><img src="images/icon_success_sml.gif" /></a></td>
                            <td><a href="#apiLists.VerifyApiListsTest">VerifyApiListsTest</a></td>
                            <td>2</td>
                            <td>0</td>
                            <td>0</td>
                            <td>0</td>
                            <td>100%</td>
                            <td>9.134 s</td></tr></table></section><section><a id="testCases"></a>
                    <h3>testCases</h3>
                    <table class="table table-striped">
                        <tr class="a">
                            <th>-</th>
                            <th>Class</th>
                            <th>Tests</th>
                            <th>Errors</th>
                            <th>Failures</th>
                            <th>Skipped</th>
                            <th>Success Rate</th>
                            <th>Time</th></tr>
                        <tr class="b">
                            <td><a href="#testCases.VerifyTestCasesTest"><img src="images/icon_success_sml.gif" /></a></td>
                            <td><a href="#testCases.VerifyTestCasesTest">VerifyTestCasesTest</a></td>
                            <td>2</td>
                            <td>0</td>
                            <td>0</td>
                            <td>0</td>
                            <td>100%</td>
                            <td>8.324 s</td></tr></table></section><section><a id="contact"></a>
                    <h3>contact</h3>
                    <table class="table table-striped">
                        <tr class="a">
                            <th>-</th>
                            <th>Class</th>
                            <th>Tests</th>
                            <th>Errors</th>
                            <th>Failures</th>
                            <th>Skipped</th>
                            <th>Success Rate</th>
                            <th>Time</th></tr>
                        <tr class="b">
                            <td><a href="#contact.VerifyContactTest"><img src="images/icon_success_sml.gif" /></a></td>
                            <td><a href="#contact.VerifyContactTest">VerifyContactTest</a></td>
                            <td>10</td>
                            <td>0</td>
                            <td>0</td>
                            <td>0</td>
                            <td>100%</td>
                            <td>47.98 s</td></tr></table></section><section><a id="baseTests"></a>
                    <h3>baseTests</h3>
                    <table class="table table-striped">
                        <tr class="a">
                            <th>-</th>
                            <th>Class</th>
                            <th>Tests</th>
                            <th>Errors</th>
                            <th>Failures</th>
                            <th>Skipped</th>
                            <th>Success Rate</th>
                            <th>Time</th></tr>
                        <tr class="b">
                            <td><a href="#baseTests.DownloadBaseTest"><img src="images/icon_warning_sml.gif" /></a></td>
                            <td><a href="#baseTests.DownloadBaseTest">DownloadBaseTest</a></td>
                            <td>2</td>
                            <td>0</td>
                            <td>0</td>
                            <td>2</td>
                            <td>0%</td>
                            <td>0.007 s</td></tr></table></section><section><a id="video"></a>
                    <h3>video</h3>
                    <table class="table table-striped">
                        <tr class="a">
                            <th>-</th>
                            <th>Class</th>
                            <th>Tests</th>
                            <th>Errors</th>
                            <th>Failures</th>
                            <th>Skipped</th>
                            <th>Success Rate</th>
                            <th>Time</th></tr>
                        <tr class="b">
                            <td><a href="#video.VerifyVideoTutorialTest"><img src="images/icon_success_sml.gif" /></a></td>
                            <td><a href="#video.VerifyVideoTutorialTest">VerifyVideoTutorialTest</a></td>
                            <td>2</td>
                            <td>0</td>
                            <td>0</td>
                            <td>0</td>
                            <td>100%</td>
                            <td>7.991 s</td></tr></table></section><section><a id="checkout"></a>
                    <h3>checkout</h3>
                    <table class="table table-striped">
                        <tr class="a">
                            <th>-</th>
                            <th>Class</th>
                            <th>Tests</th>
                            <th>Errors</th>
                            <th>Failures</th>
                            <th>Skipped</th>
                            <th>Success Rate</th>
                            <th>Time</th></tr>
                        <tr class="b">
                            <td><a href="#checkout.VerifyCartTest"><img src="images/icon_warning_sml.gif" /></a></td>
                            <td><a href="#checkout.VerifyCartTest">VerifyCartTest</a></td>
                            <td>14</td>
                            <td>0</td>
                            <td>2</td>
                            <td>0</td>
                            <td>85.7%</td>
                            <td>120.7 s</td></tr>
                        <tr class="a">
                            <td><a href="#checkout.VerifyPaymentConfirmationTest"><img src="images/icon_error_sml.gif" /></a></td>
                            <td><a href="#checkout.VerifyPaymentConfirmationTest">VerifyPaymentConfirmationTest</a></td>
                            <td>5</td>
                            <td>4</td>
                            <td>0</td>
                            <td>0</td>
                            <td>20.0%</td>
                            <td>160.5 s</td></tr>
                        <tr class="b">
                            <td><a href="#checkout.VerifyCheckOutTest"><img src="images/icon_warning_sml.gif" /></a></td>
                            <td><a href="#checkout.VerifyCheckOutTest">VerifyCheckOutTest</a></td>
                            <td>7</td>
                            <td>0</td>
                            <td>1</td>
                            <td>0</td>
                            <td>85.7%</td>
                            <td>94.58 s</td></tr>
                        <tr class="a">
                            <td><a href="#checkout.VerifyPaymentTest"><img src="images/icon_error_sml.gif" /></a></td>
                            <td><a href="#checkout.VerifyPaymentTest">VerifyPaymentTest</a></td>
                            <td>2</td>
                            <td>2</td>
                            <td>0</td>
                            <td>0</td>
                            <td>0%</td>
                            <td>15.06 s</td></tr></table></section><section><a id="authentications"></a>
                    <h3>authentications</h3>
                    <table class="table table-striped">
                        <tr class="a">
                            <th>-</th>
                            <th>Class</th>
                            <th>Tests</th>
                            <th>Errors</th>
                            <th>Failures</th>
                            <th>Skipped</th>
                            <th>Success Rate</th>
                            <th>Time</th></tr>
                        <tr class="b">
                            <td><a href="#authentications.VerifyRegistrationTest"><img src="images/icon_success_sml.gif" /></a></td>
                            <td><a href="#authentications.VerifyRegistrationTest">VerifyRegistrationTest</a></td>
                            <td>2</td>
                            <td>0</td>
                            <td>0</td>
                            <td>0</td>
                            <td>100%</td>
                            <td>10.78 s</td></tr>
                        <tr class="a">
                            <td><a href="#authentications.VerifyAccountDeletionTest"><img src="images/icon_error_sml.gif" /></a></td>
                            <td><a href="#authentications.VerifyAccountDeletionTest">VerifyAccountDeletionTest</a></td>
                            <td>3</td>
                            <td>1</td>
                            <td>0</td>
                            <td>0</td>
                            <td>66.7%</td>
                            <td>23.88 s</td></tr>
                        <tr class="b">
                            <td><a href="#authentications.VerifyAccountCreatedTest"><img src="images/icon_error_sml.gif" /></a></td>
                            <td><a href="#authentications.VerifyAccountCreatedTest">VerifyAccountCreatedTest</a></td>
                            <td>2</td>
                            <td>2</td>
                            <td>0</td>
                            <td>0</td>
                            <td>0%</td>
                            <td>8.718 s</td></tr>
                        <tr class="a">
                            <td><a href="#authentications.VerifyAccountSetUpTest"><img src="images/icon_error_sml.gif" /></a></td>
                            <td><a href="#authentications.VerifyAccountSetUpTest">VerifyAccountSetUpTest</a></td>
                            <td>3</td>
                            <td>3</td>
                            <td>0</td>
                            <td>0</td>
                            <td>0%</td>
                            <td>13.70 s</td></tr>
                        <tr class="b">
                            <td><a href="#authentications.VerifyLoginTest"><img src="images/icon_success_sml.gif" /></a></td>
                            <td><a href="#authentications.VerifyLoginTest">VerifyLoginTest</a></td>
                            <td>3</td>
                            <td>0</td>
                            <td>0</td>
                            <td>0</td>
                            <td>100%</td>
                            <td>16.15 s</td></tr></table></section><section><a id="products"></a>
                    <h3>products</h3>
                    <table class="table table-striped">
                        <tr class="a">
                            <th>-</th>
                            <th>Class</th>
                            <th>Tests</th>
                            <th>Errors</th>
                            <th>Failures</th>
                            <th>Skipped</th>
                            <th>Success Rate</th>
                            <th>Time</th></tr>
                        <tr class="b">
                            <td><a href="#products.VerifyProductDetailsReviewTest"><img src="images/icon_success_sml.gif" /></a></td>
                            <td><a href="#products.VerifyProductDetailsReviewTest">VerifyProductDetailsReviewTest</a></td>
                            <td>2</td>
                            <td>0</td>
                            <td>0</td>
                            <td>0</td>
                            <td>100%</td>
                            <td>12.92 s</td></tr>
                        <tr class="a">
                            <td><a href="#products.VerifyProductsTest"><img src="images/icon_success_sml.gif" /></a></td>
                            <td><a href="#products.VerifyProductsTest">VerifyProductsTest</a></td>
                            <td>22</td>
                            <td>0</td>
                            <td>0</td>
                            <td>0</td>
                            <td>100%</td>
                            <td>137.0 s</td></tr>
                        <tr class="b">
                            <td><a href="#products.VerifyProductDetailsTest"><img src="images/icon_success_sml.gif" /></a></td>
                            <td><a href="#products.VerifyProductDetailsTest">VerifyProductDetailsTest</a></td>
                            <td>8</td>
                            <td>0</td>
                            <td>0</td>
                            <td>0</td>
                            <td>100%</td>
                            <td>63.13 s</td></tr></table></section><section><a id="home"></a>
                    <h3>home</h3>
                    <table class="table table-striped">
                        <tr class="a">
                            <th>-</th>
                            <th>Class</th>
                            <th>Tests</th>
                            <th>Errors</th>
                            <th>Failures</th>
                            <th>Skipped</th>
                            <th>Success Rate</th>
                            <th>Time</th></tr>
                        <tr class="b">
                            <td><a href="#home.VerifyHomeTest"><img src="images/icon_success_sml.gif" /></a></td>
                            <td><a href="#home.VerifyHomeTest">VerifyHomeTest</a></td>
                            <td>5</td>
                            <td>0</td>
                            <td>0</td>
                            <td>0</td>
                            <td>100%</td>
                            <td>15.45 s</td></tr></table></section><br /></section><section><a id="Test_Cases"></a>
                <h2>Test Cases</h2>
                <p>[<a href="#Summary">Summary</a>] [<a href="#Package_List">Package List</a>] [<a href="#Test_Cases">Test Cases</a>]</p><section><a id="authentications.VerifyRegistrationTest"></a>
                    <h3>VerifyRegistrationTest</h3>
                    <table class="table table-striped">
                        <tr class="a">
                            <td><img src="images/icon_success_sml.gif" /></td>
                            <td><a id="TC_authentications.VerifyRegistrationTest.verifyRegisterSectionText"></a>verifyRegisterSectionText</td>
                            <td>3.609 s</td></tr>
                        <tr class="b">
                            <td><img src="images/icon_success_sml.gif" /></td>
                            <td><a id="TC_authentications.VerifyRegistrationTest.verifySuccessfulRegistration"></a>verifySuccessfulRegistration</td>
                            <td>7.166 s</td></tr></table></section><section><a id="checkout.VerifyCartTest"></a>
                    <h3>VerifyCartTest</h3>
                    <table class="table table-striped">
                        <tr class="a">
                            <td><img src="images/icon_success_sml.gif" /></td>
                            <td><a id="TC_checkout.VerifyCartTest.verifyShoppingCartCrumb"></a>verifyShoppingCartCrumb</td>
                            <td>4.749 s</td></tr>
                        <tr class="b">
                            <td><img src="images/icon_success_sml.gif" /></td>
                            <td><a id="TC_checkout.VerifyCartTest.verifyShoppingCartIsEmpty"></a>verifyShoppingCartIsEmpty</td>
                            <td>3.555 s</td></tr>
                        <tr class="a">
                            <td><img src="images/icon_success_sml.gif" /></td>
                            <td><a id="TC_checkout.VerifyCartTest.verifyRedirectToProductsPage"></a>verifyRedirectToProductsPage</td>
                            <td>10.34 s</td></tr>
                        <tr class="b">
                            <td><img src="images/icon_success_sml.gif" /></td>
                            <td><a id="TC_checkout.VerifyCartTest.verifyProductsAddedToCartFromProductsPage"></a>verifyProductsAddedToCartFromProductsPage</td>
                            <td>7.879 s</td></tr>
                        <tr class="a">
                            <td><a href="#checkout.VerifyCartTest.verifyProductAddedToCartFromProductDetailsPage"><img src="images/icon_error_sml.gif" /></a></td>
                            <td><a id="TC_checkout.VerifyCartTest.verifyProductAddedToCartFromProductDetailsPage"></a><a href="#checkout.VerifyCartTest.verifyProductAddedToCartFromProductDetailsPage">verifyProductAddedToCartFromProductDetailsPage</a>
                                <div class="detailToggle" style="display:inline"><a href="javascript:toggleDisplay('checkout.VerifyCartTest.verifyProductAddedToCartFromProductDetailsPage');"><span style="display:inline;" id="checkout.VerifyCartTest.verifyProductAddedToCartFromProductDetailsPage-off"> + </span><span style="display:none;" id="checkout.VerifyCartTest.verifyProductAddedToCartFromProductDetailsPage-on"> - </span>[ Detail ]</a></div></td>
                            <td>8.928 s</td></tr>
                        <tr class="b">
                            <td>-</td>
                            <td>The added product should be found in the cart
                                Expected: is &lt;true&gt;
                                but: was &lt;false&gt;</td>
                            <td>-</td></tr>
                        <tr id="checkout.VerifyCartTest.verifyProductAddedToCartFromProductDetailsPage-failure" style="display:none;" class="a">
                            <td>-</td>
                            <td>
<pre>java.lang.AssertionError:
The added product should be found in the cart
Expected: is &lt;true&gt;
     but: was &lt;false&gt;
	at org.hamcrest.MatcherAssert.assertThat(MatcherAssert.java:20)
	at checkout.VerifyCartTest.verifyProductAddedToCartFromProductDetailsPage(VerifyCartTest.java:113)
	at java.base/java.lang.reflect.Method.invoke(Method.java:580)
	at java.base/java.util.ArrayList.forEach(ArrayList.java:1597)
	at java.base/java.util.ArrayList.forEach(ArrayList.java:1597)
</pre></td>
                            <td>-</td></tr>
                        <tr class="b">
                            <td><a href="#checkout.VerifyCartTest.verifyMoreThanOneProductAddedToCart"><img src="images/icon_error_sml.gif" /></a></td>
                            <td><a id="TC_checkout.VerifyCartTest.verifyMoreThanOneProductAddedToCart"></a><a href="#checkout.VerifyCartTest.verifyMoreThanOneProductAddedToCart">verifyMoreThanOneProductAddedToCart</a>
                                <div class="detailToggle" style="display:inline"><a href="javascript:toggleDisplay('checkout.VerifyCartTest.verifyMoreThanOneProductAddedToCart');"><span style="display:inline;" id="checkout.VerifyCartTest.verifyMoreThanOneProductAddedToCart-off"> + </span><span style="display:none;" id="checkout.VerifyCartTest.verifyMoreThanOneProductAddedToCart-on"> - </span>[ Detail ]</a></div></td>
                            <td>8.993 s</td></tr>
                        <tr class="a">
                            <td>-</td>
                            <td>The added product should be found in the cart
                                Expected: is &lt;true&gt;
                                but: was &lt;false&gt;</td>
                            <td>-</td></tr>
                        <tr id="checkout.VerifyCartTest.verifyMoreThanOneProductAddedToCart-failure" style="display:none;" class="b">
                            <td>-</td>
                            <td>
<pre>java.lang.AssertionError:
The added product should be found in the cart
Expected: is &lt;true&gt;
     but: was &lt;false&gt;
	at org.hamcrest.MatcherAssert.assertThat(MatcherAssert.java:20)
	at checkout.VerifyCartTest.verifyMoreThanOneProductAddedToCart(VerifyCartTest.java:152)
	at java.base/java.lang.reflect.Method.invoke(Method.java:580)
	at java.base/java.util.ArrayList.forEach(ArrayList.java:1597)
	at java.base/java.util.ArrayList.forEach(ArrayList.java:1597)
</pre></td>
                            <td>-</td></tr>
                        <tr class="a">
                            <td><img src="images/icon_success_sml.gif" /></td>
                            <td><a id="TC_checkout.VerifyCartTest.verifyCartDeleteButtonFunctionality"></a>verifyCartDeleteButtonFunctionality</td>
                            <td>15.06 s</td></tr>
                        <tr class="b">
                            <td><img src="images/icon_success_sml.gif" /></td>
                            <td><a id="TC_checkout.VerifyCartTest.verifyCheckoutModalHeaderText"></a>verifyCheckoutModalHeaderText</td>
                            <td>8.304 s</td></tr>
                        <tr class="a">
                            <td><img src="images/icon_success_sml.gif" /></td>
                            <td><a id="TC_checkout.VerifyCartTest.verifyCheckoutModalBodyText"></a>verifyCheckoutModalBodyText</td>
                            <td>7.397 s</td></tr>
                        <tr class="b">
                            <td><img src="images/icon_success_sml.gif" /></td>
                            <td><a id="TC_checkout.VerifyCartTest.verifyCheckoutModalFooterText"></a>verifyCheckoutModalFooterText</td>
                            <td>7.090 s</td></tr>
                        <tr class="a">
                            <td><img src="images/icon_success_sml.gif" /></td>
                            <td><a id="TC_checkout.VerifyCartTest.verifyLoginRedirectWithLoginButtonClick"></a>verifyLoginRedirectWithLoginButtonClick</td>
                            <td>8.543 s</td></tr>
                        <tr class="b">
                            <td><img src="images/icon_success_sml.gif" /></td>
                            <td><a id="TC_checkout.VerifyCartTest.verifyCheckoutModalFooterContinueButton"></a>verifyCheckoutModalFooterContinueButton</td>
                            <td>7.425 s</td></tr>
                        <tr class="a">
                            <td><img src="images/icon_success_sml.gif" /></td>
                            <td><a id="TC_checkout.VerifyCartTest.verifyCheckOutProcessPreLogin"></a>verifyCheckOutProcessPreLogin</td>
                            <td>13.25 s</td></tr>
                        <tr class="b">
                            <td><img src="images/icon_success_sml.gif" /></td>
                            <td><a id="TC_checkout.VerifyCartTest.verifyCheckOutProcessPostLogin"></a>verifyCheckOutProcessPostLogin</td>
                            <td>9.206 s</td></tr></table></section><section><a id="baseTests.DownloadBaseTest"></a>
                    <h3>DownloadBaseTest</h3>
                    <table class="table table-striped">
                        <tr class="a">
                            <td><a href="#baseTests.DownloadBaseTest.practiceTest2"><img src="images/icon_warning_sml.gif" /></a></td>
                            <td><a id="TC_baseTests.DownloadBaseTest.practiceTest2"></a><a href="#baseTests.DownloadBaseTest.practiceTest2">practiceTest2</a>
                                <div class="detailToggle" style="display:inline"><a href="javascript:toggleDisplay('baseTests.DownloadBaseTest.practiceTest2');"><span style="display:inline;" id="baseTests.DownloadBaseTest.practiceTest2-off"> + </span><span style="display:none;" id="baseTests.DownloadBaseTest.practiceTest2-on"> - </span>[ Detail ]</a></div></td>
                            <td>0 s</td></tr>
                        <tr class="b">
                            <td>-</td>
                            <td>void baseTests.DownloadBaseTest.practiceTest2() is @Disabled</td>
                            <td>-</td></tr>
                        <tr class="a">
                            <td><a href="#baseTests.DownloadBaseTest.practiceTest"><img src="images/icon_warning_sml.gif" /></a></td>
                            <td><a id="TC_baseTests.DownloadBaseTest.practiceTest"></a><a href="#baseTests.DownloadBaseTest.practiceTest">practiceTest</a>
                                <div class="detailToggle" style="display:inline"><a href="javascript:toggleDisplay('baseTests.DownloadBaseTest.practiceTest');"><span style="display:inline;" id="baseTests.DownloadBaseTest.practiceTest-off"> + </span><span style="display:none;" id="baseTests.DownloadBaseTest.practiceTest-on"> - </span>[ Detail ]</a></div></td>
                            <td>0 s</td></tr>
                        <tr class="b">
                            <td>-</td>
                            <td>void baseTests.DownloadBaseTest.practiceTest() is @Disabled</td>
                            <td>-</td></tr></table></section><section><a id="products.VerifyProductDetailsReviewTest"></a>
                    <h3>VerifyProductDetailsReviewTest</h3>
                    <table class="table table-striped">
                        <tr class="a">
                            <td><img src="images/icon_success_sml.gif" /></td>
                            <td><a id="TC_products.VerifyProductDetailsReviewTest.verifyReviewSectionHeaderText"></a>verifyReviewSectionHeaderText</td>
                            <td>6.349 s</td></tr>
                        <tr class="b">
                            <td><img src="images/icon_success_sml.gif" /></td>
                            <td><a id="TC_products.VerifyProductDetailsReviewTest.verifySuccessReviewSubmission"></a>verifySuccessReviewSubmission</td>
                            <td>6.566 s</td></tr></table></section><section><a id="video.VerifyVideoTutorialTest"></a>
                    <h3>VerifyVideoTutorialTest</h3>
                    <table class="table table-striped">
                        <tr class="a">
                            <td><img src="images/icon_success_sml.gif" /></td>
                            <td><a id="TC_video.VerifyVideoTutorialTest.verifyPageTitle"></a>verifyPageTitle</td>
                            <td>3.838 s</td></tr>
                        <tr class="b">
                            <td><img src="images/icon_success_sml.gif" /></td>
                            <td><a id="TC_video.VerifyVideoTutorialTest.verifyPageUrl"></a>verifyPageUrl</td>
                            <td>4.146 s</td></tr></table></section><section><a id="checkout.VerifyPaymentConfirmationTest"></a>
                    <h3>VerifyPaymentConfirmationTest</h3>
                    <table class="table table-striped">
                        <tr class="a">
                            <td><a href="#checkout.VerifyPaymentConfirmationTest.verifyPaymentConfirmationSectionHeader"><img src="images/icon_error_sml.gif" /></a></td>
                            <td><a id="TC_checkout.VerifyPaymentConfirmationTest.verifyPaymentConfirmationSectionHeader"></a><a href="#checkout.VerifyPaymentConfirmationTest.verifyPaymentConfirmationSectionHeader">verifyPaymentConfirmationSectionHeader</a>
                                <div class="detailToggle" style="display:inline"><a href="javascript:toggleDisplay('checkout.VerifyPaymentConfirmationTest.verifyPaymentConfirmationSectionHeader');"><span style="display:inline;" id="checkout.VerifyPaymentConfirmationTest.verifyPaymentConfirmationSectionHeader-off"> + </span><span style="display:none;" id="checkout.VerifyPaymentConfirmationTest.verifyPaymentConfirmationSectionHeader-on"> - </span>[ Detail ]</a></div></td>
                            <td>12.87 s</td></tr>
                        <tr class="b">
                            <td>-</td>
                            <td>no such element: Unable to locate element: {&quot;method&quot;:&quot;css selector&quot;,&quot;selector&quot;:&quot;section#form&gt; div.container &gt; div.row &gt; div &gt; h2 &gt; b&quot;}
                                (Session info: chrome=134.0.6998.118)
                                For documentation on this error, please visit: https://www.selenium.dev/documentation/webdriver/troubleshooting/errors#no-such-element-exception
                                Build info: version: '4.29.0', revision: '5fc1ec94cb'
                                System info: os.name: 'Mac OS X', os.arch: 'aarch64', os.version: '15.3.2', java.version: '23.0.2'
                                Driver info: org.openqa.selenium.chrome.ChromeDriver
                                Command: [f0b83bea3faead9deb6d10a6375f85a6, findElement {using=css selector, value=section#form&gt; div.container &gt; div.row &gt; div &gt; h2 &gt; b}]
                                Capabilities {acceptInsecureCerts: false, browserName: chrome, browserVersion: 134.0.6998.118, chrome: {chromedriverVersion: 134.0.6998.165 (fd886e2cb29..., userDataDir: /var/folders/zf/xqc06fm50ns...}, fedcm:accounts: true, goog:chromeOptions: {debuggerAddress: localhost:52025}, networkConnectionEnabled: false, pageLoadStrategy: normal, platformName: mac, proxy: Proxy(), se:cdp: ws://localhost:52025/devtoo..., se:cdpVersion: 134.0.6998.118, setWindowRect: true, strictFileInteractability: false, timeouts: {implicit: 0, pageLoad: 300000, script: 30000}, unhandledPromptBehavior: dismiss and notify, webauthn:extension:credBlob: true, webauthn:extension:largeBlob: true, webauthn:extension:minPinLength: true, webauthn:extension:prf: true, webauthn:virtualAuthenticators: true}
                                Session ID: f0b83bea3faead9deb6d10a6375f85a6</td>
                            <td>-</td></tr>
                        <tr id="checkout.VerifyPaymentConfirmationTest.verifyPaymentConfirmationSectionHeader-error" style="display:none;" class="a">
                            <td>-</td>
                            <td>
<pre>org.openqa.selenium.NoSuchElementException:
no such element: Unable to locate element: {&quot;method&quot;:&quot;css selector&quot;,&quot;selector&quot;:&quot;section#form&gt; div.container &gt; div.row &gt; div &gt; h2 &gt; b&quot;}
  (Session info: chrome=134.0.6998.118)
For documentation on this error, please visit: https://www.selenium.dev/documentation/webdriver/troubleshooting/errors#no-such-element-exception
Build info: version: '4.29.0', revision: '5fc1ec94cb'
System info: os.name: 'Mac OS X', os.arch: 'aarch64', os.version: '15.3.2', java.version: '23.0.2'
Driver info: org.openqa.selenium.chrome.ChromeDriver
Command: [f0b83bea3faead9deb6d10a6375f85a6, findElement {using=css selector, value=section#form&gt; div.container &gt; div.row &gt; div &gt; h2 &gt; b}]
Capabilities {acceptInsecureCerts: false, browserName: chrome, browserVersion: 134.0.6998.118, chrome: {chromedriverVersion: 134.0.6998.165 (fd886e2cb29..., userDataDir: /var/folders/zf/xqc06fm50ns...}, fedcm:accounts: true, goog:chromeOptions: {debuggerAddress: localhost:52025}, networkConnectionEnabled: false, pageLoadStrategy: normal, platformName: mac, proxy: Proxy(), se:cdp: ws://localhost:52025/devtoo..., se:cdpVersion: 134.0.6998.118, setWindowRect: true, strictFileInteractability: false, timeouts: {implicit: 0, pageLoad: 300000, script: 30000}, unhandledPromptBehavior: dismiss and notify, webauthn:extension:credBlob: true, webauthn:extension:largeBlob: true, webauthn:extension:minPinLength: true, webauthn:extension:prf: true, webauthn:virtualAuthenticators: true}
Session ID: f0b83bea3faead9deb6d10a6375f85a6
	at java.base/jdk.internal.reflect.DirectConstructorHandleAccessor.newInstance(DirectConstructorHandleAccessor.java:62)
	at java.base/java.lang.reflect.Constructor.newInstanceWithCaller(Constructor.java:501)
	at java.base/java.lang.reflect.Constructor.newInstance(Constructor.java:485)
	at org.openqa.selenium.remote.ErrorCodec.decode(ErrorCodec.java:167)
	at org.openqa.selenium.remote.codec.w3c.W3CHttpResponseCodec.decode(W3CHttpResponseCodec.java:138)
	at org.openqa.selenium.remote.codec.w3c.W3CHttpResponseCodec.decode(W3CHttpResponseCodec.java:50)
	at org.openqa.selenium.remote.HttpCommandExecutor.execute(HttpCommandExecutor.java:215)
	at org.openqa.selenium.remote.service.DriverCommandExecutor.invokeExecute(DriverCommandExecutor.java:216)
	at org.openqa.selenium.remote.service.DriverCommandExecutor.execute(DriverCommandExecutor.java:174)
	at org.openqa.selenium.remote.RemoteWebDriver.execute(RemoteWebDriver.java:545)
	at org.openqa.selenium.remote.ElementLocation$ElementFinder$2.findElement(ElementLocation.java:165)
	at org.openqa.selenium.remote.ElementLocation.findElement(ElementLocation.java:59)
	at org.openqa.selenium.remote.RemoteWebDriver.findElement(RemoteWebDriver.java:368)
	at org.openqa.selenium.remote.RemoteWebDriver.findElement(RemoteWebDriver.java:362)
	at pages.PaymentDonePage.getSectionTitle(PaymentDonePage.java:26)
	at checkout.VerifyPaymentConfirmationTest.verifyPaymentConfirmationSectionHeader(VerifyPaymentConfirmationTest.java:111)
	at java.base/java.lang.reflect.Method.invoke(Method.java:580)
	at java.base/java.util.ArrayList.forEach(ArrayList.java:1597)
	at java.base/java.util.ArrayList.forEach(ArrayList.java:1597)
</pre></td>
                            <td>-</td></tr>
                        <tr class="b">
                            <td><a href="#checkout.VerifyPaymentConfirmationTest.verifyPaymentConfirmationSectionText"><img src="images/icon_error_sml.gif" /></a></td>
                            <td><a id="TC_checkout.VerifyPaymentConfirmationTest.verifyPaymentConfirmationSectionText"></a><a href="#checkout.VerifyPaymentConfirmationTest.verifyPaymentConfirmationSectionText">verifyPaymentConfirmationSectionText</a>
                                <div class="detailToggle" style="display:inline"><a href="javascript:toggleDisplay('checkout.VerifyPaymentConfirmationTest.verifyPaymentConfirmationSectionText');"><span style="display:inline;" id="checkout.VerifyPaymentConfirmationTest.verifyPaymentConfirmationSectionText-off"> + </span><span style="display:none;" id="checkout.VerifyPaymentConfirmationTest.verifyPaymentConfirmationSectionText-on"> - </span>[ Detail ]</a></div></td>
                            <td>17.41 s</td></tr>
                        <tr class="a">
                            <td>-</td>
                            <td>no such element: Unable to locate element: {&quot;method&quot;:&quot;css selector&quot;,&quot;selector&quot;:&quot;section#form&gt; div.container &gt; div.row &gt; div &gt; p&quot;}
                                (Session info: chrome=134.0.6998.118)
                                For documentation on this error, please visit: https://www.selenium.dev/documentation/webdriver/troubleshooting/errors#no-such-element-exception
                                Build info: version: '4.29.0', revision: '5fc1ec94cb'
                                System info: os.name: 'Mac OS X', os.arch: 'aarch64', os.version: '15.3.2', java.version: '23.0.2'
                                Driver info: org.openqa.selenium.chrome.ChromeDriver
                                Command: [08e638b568e4ea75b39fcd0006c69118, findElement {using=css selector, value=section#form&gt; div.container &gt; div.row &gt; div &gt; p}]
                                Capabilities {acceptInsecureCerts: false, browserName: chrome, browserVersion: 134.0.6998.118, chrome: {chromedriverVersion: 134.0.6998.165 (fd886e2cb29..., userDataDir: /var/folders/zf/xqc06fm50ns...}, fedcm:accounts: true, goog:chromeOptions: {debuggerAddress: localhost:52095}, networkConnectionEnabled: false, pageLoadStrategy: normal, platformName: mac, proxy: Proxy(), se:cdp: ws://localhost:52095/devtoo..., se:cdpVersion: 134.0.6998.118, setWindowRect: true, strictFileInteractability: false, timeouts: {implicit: 0, pageLoad: 300000, script: 30000}, unhandledPromptBehavior: dismiss and notify, webauthn:extension:credBlob: true, webauthn:extension:largeBlob: true, webauthn:extension:minPinLength: true, webauthn:extension:prf: true, webauthn:virtualAuthenticators: true}
                                Session ID: 08e638b568e4ea75b39fcd0006c69118</td>
                            <td>-</td></tr>
                        <tr id="checkout.VerifyPaymentConfirmationTest.verifyPaymentConfirmationSectionText-error" style="display:none;" class="b">
                            <td>-</td>
                            <td>
<pre>org.openqa.selenium.NoSuchElementException:
no such element: Unable to locate element: {&quot;method&quot;:&quot;css selector&quot;,&quot;selector&quot;:&quot;section#form&gt; div.container &gt; div.row &gt; div &gt; p&quot;}
  (Session info: chrome=134.0.6998.118)
For documentation on this error, please visit: https://www.selenium.dev/documentation/webdriver/troubleshooting/errors#no-such-element-exception
Build info: version: '4.29.0', revision: '5fc1ec94cb'
System info: os.name: 'Mac OS X', os.arch: 'aarch64', os.version: '15.3.2', java.version: '23.0.2'
Driver info: org.openqa.selenium.chrome.ChromeDriver
Command: [08e638b568e4ea75b39fcd0006c69118, findElement {using=css selector, value=section#form&gt; div.container &gt; div.row &gt; div &gt; p}]
Capabilities {acceptInsecureCerts: false, browserName: chrome, browserVersion: 134.0.6998.118, chrome: {chromedriverVersion: 134.0.6998.165 (fd886e2cb29..., userDataDir: /var/folders/zf/xqc06fm50ns...}, fedcm:accounts: true, goog:chromeOptions: {debuggerAddress: localhost:52095}, networkConnectionEnabled: false, pageLoadStrategy: normal, platformName: mac, proxy: Proxy(), se:cdp: ws://localhost:52095/devtoo..., se:cdpVersion: 134.0.6998.118, setWindowRect: true, strictFileInteractability: false, timeouts: {implicit: 0, pageLoad: 300000, script: 30000}, unhandledPromptBehavior: dismiss and notify, webauthn:extension:credBlob: true, webauthn:extension:largeBlob: true, webauthn:extension:minPinLength: true, webauthn:extension:prf: true, webauthn:virtualAuthenticators: true}
Session ID: 08e638b568e4ea75b39fcd0006c69118
	at java.base/jdk.internal.reflect.DirectConstructorHandleAccessor.newInstance(DirectConstructorHandleAccessor.java:62)
	at java.base/java.lang.reflect.Constructor.newInstanceWithCaller(Constructor.java:501)
	at java.base/java.lang.reflect.Constructor.newInstance(Constructor.java:485)
	at org.openqa.selenium.remote.ErrorCodec.decode(ErrorCodec.java:167)
	at org.openqa.selenium.remote.codec.w3c.W3CHttpResponseCodec.decode(W3CHttpResponseCodec.java:138)
	at org.openqa.selenium.remote.codec.w3c.W3CHttpResponseCodec.decode(W3CHttpResponseCodec.java:50)
	at org.openqa.selenium.remote.HttpCommandExecutor.execute(HttpCommandExecutor.java:215)
	at org.openqa.selenium.remote.service.DriverCommandExecutor.invokeExecute(DriverCommandExecutor.java:216)
	at org.openqa.selenium.remote.service.DriverCommandExecutor.execute(DriverCommandExecutor.java:174)
	at org.openqa.selenium.remote.RemoteWebDriver.execute(RemoteWebDriver.java:545)
	at org.openqa.selenium.remote.ElementLocation$ElementFinder$2.findElement(ElementLocation.java:165)
	at org.openqa.selenium.remote.ElementLocation.findElement(ElementLocation.java:59)
	at org.openqa.selenium.remote.RemoteWebDriver.findElement(RemoteWebDriver.java:368)
	at org.openqa.selenium.remote.RemoteWebDriver.findElement(RemoteWebDriver.java:362)
	at pages.PaymentDonePage.getSectionText(PaymentDonePage.java:32)
	at checkout.VerifyPaymentConfirmationTest.verifyPaymentConfirmationSectionText(VerifyPaymentConfirmationTest.java:188)
	at java.base/java.lang.reflect.Method.invoke(Method.java:580)
	at java.base/java.util.ArrayList.forEach(ArrayList.java:1597)
	at java.base/java.util.ArrayList.forEach(ArrayList.java:1597)
</pre></td>
                            <td>-</td></tr>
                        <tr class="a">
                            <td><a href="#checkout.VerifyPaymentConfirmationTest.verifyInvoiceDownload"><img src="images/icon_error_sml.gif" /></a></td>
                            <td><a id="TC_checkout.VerifyPaymentConfirmationTest.verifyInvoiceDownload"></a><a href="#checkout.VerifyPaymentConfirmationTest.verifyInvoiceDownload">verifyInvoiceDownload</a>
                                <div class="detailToggle" style="display:inline"><a href="javascript:toggleDisplay('checkout.VerifyPaymentConfirmationTest.verifyInvoiceDownload');"><span style="display:inline;" id="checkout.VerifyPaymentConfirmationTest.verifyInvoiceDownload-off"> + </span><span style="display:none;" id="checkout.VerifyPaymentConfirmationTest.verifyInvoiceDownload-on"> - </span>[ Detail ]</a></div></td>
                            <td>12.11 s</td></tr>
                        <tr class="b">
                            <td>-</td>
                            <td>no such element: Unable to locate element: {&quot;method&quot;:&quot;css selector&quot;,&quot;selector&quot;:&quot;section#form&gt; div.container &gt; div.row &gt; div &gt; a&quot;}
                                (Session info: chrome=134.0.6998.118)
                                For documentation on this error, please visit: https://www.selenium.dev/documentation/webdriver/troubleshooting/errors#no-such-element-exception
                                Build info: version: '4.29.0', revision: '5fc1ec94cb'
                                System info: os.name: 'Mac OS X', os.arch: 'aarch64', os.version: '15.3.2', java.version: '23.0.2'
                                Driver info: org.openqa.selenium.chrome.ChromeDriver
                                Command: [6091fd87801d9f8a360deb84656e4f6a, findElement {using=css selector, value=section#form&gt; div.container &gt; div.row &gt; div &gt; a}]
                                Capabilities {acceptInsecureCerts: false, browserName: chrome, browserVersion: 134.0.6998.118, chrome: {chromedriverVersion: 134.0.6998.165 (fd886e2cb29..., userDataDir: /var/folders/zf/xqc06fm50ns...}, fedcm:accounts: true, goog:chromeOptions: {debuggerAddress: localhost:52195}, networkConnectionEnabled: false, pageLoadStrategy: normal, platformName: mac, proxy: Proxy(), se:cdp: ws://localhost:52195/devtoo..., se:cdpVersion: 134.0.6998.118, setWindowRect: true, strictFileInteractability: false, timeouts: {implicit: 0, pageLoad: 300000, script: 30000}, unhandledPromptBehavior: dismiss and notify, webauthn:extension:credBlob: true, webauthn:extension:largeBlob: true, webauthn:extension:minPinLength: true, webauthn:extension:prf: true, webauthn:virtualAuthenticators: true}
                                Session ID: 6091fd87801d9f8a360deb84656e4f6a</td>
                            <td>-</td></tr>
                        <tr id="checkout.VerifyPaymentConfirmationTest.verifyInvoiceDownload-error" style="display:none;" class="a">
                            <td>-</td>
                            <td>
<pre>org.openqa.selenium.NoSuchElementException:
no such element: Unable to locate element: {&quot;method&quot;:&quot;css selector&quot;,&quot;selector&quot;:&quot;section#form&gt; div.container &gt; div.row &gt; div &gt; a&quot;}
  (Session info: chrome=134.0.6998.118)
For documentation on this error, please visit: https://www.selenium.dev/documentation/webdriver/troubleshooting/errors#no-such-element-exception
Build info: version: '4.29.0', revision: '5fc1ec94cb'
System info: os.name: 'Mac OS X', os.arch: 'aarch64', os.version: '15.3.2', java.version: '23.0.2'
Driver info: org.openqa.selenium.chrome.ChromeDriver
Command: [6091fd87801d9f8a360deb84656e4f6a, findElement {using=css selector, value=section#form&gt; div.container &gt; div.row &gt; div &gt; a}]
Capabilities {acceptInsecureCerts: false, browserName: chrome, browserVersion: 134.0.6998.118, chrome: {chromedriverVersion: 134.0.6998.165 (fd886e2cb29..., userDataDir: /var/folders/zf/xqc06fm50ns...}, fedcm:accounts: true, goog:chromeOptions: {debuggerAddress: localhost:52195}, networkConnectionEnabled: false, pageLoadStrategy: normal, platformName: mac, proxy: Proxy(), se:cdp: ws://localhost:52195/devtoo..., se:cdpVersion: 134.0.6998.118, setWindowRect: true, strictFileInteractability: false, timeouts: {implicit: 0, pageLoad: 300000, script: 30000}, unhandledPromptBehavior: dismiss and notify, webauthn:extension:credBlob: true, webauthn:extension:largeBlob: true, webauthn:extension:minPinLength: true, webauthn:extension:prf: true, webauthn:virtualAuthenticators: true}
Session ID: 6091fd87801d9f8a360deb84656e4f6a
	at java.base/jdk.internal.reflect.DirectConstructorHandleAccessor.newInstance(DirectConstructorHandleAccessor.java:62)
	at java.base/java.lang.reflect.Constructor.newInstanceWithCaller(Constructor.java:501)
	at java.base/java.lang.reflect.Constructor.newInstance(Constructor.java:485)
	at org.openqa.selenium.remote.ErrorCodec.decode(ErrorCodec.java:167)
	at org.openqa.selenium.remote.codec.w3c.W3CHttpResponseCodec.decode(W3CHttpResponseCodec.java:138)
	at org.openqa.selenium.remote.codec.w3c.W3CHttpResponseCodec.decode(W3CHttpResponseCodec.java:50)
	at org.openqa.selenium.remote.HttpCommandExecutor.execute(HttpCommandExecutor.java:215)
	at org.openqa.selenium.remote.service.DriverCommandExecutor.invokeExecute(DriverCommandExecutor.java:216)
	at org.openqa.selenium.remote.service.DriverCommandExecutor.execute(DriverCommandExecutor.java:174)
	at org.openqa.selenium.remote.RemoteWebDriver.execute(RemoteWebDriver.java:545)
	at org.openqa.selenium.remote.ElementLocation$ElementFinder$2.findElement(ElementLocation.java:165)
	at org.openqa.selenium.remote.ElementLocation.findElement(ElementLocation.java:59)
	at org.openqa.selenium.remote.RemoteWebDriver.findElement(RemoteWebDriver.java:368)
	at org.openqa.selenium.remote.RemoteWebDriver.findElement(RemoteWebDriver.java:362)
	at pages.PaymentDonePage.clickDownloadInvoice(PaymentDonePage.java:37)
	at checkout.VerifyPaymentConfirmationTest.verifyInvoiceDownload(VerifyPaymentConfirmationTest.java:271)
	at java.base/java.lang.reflect.Method.invoke(Method.java:580)
	at java.base/java.util.ArrayList.forEach(ArrayList.java:1597)
	at java.base/java.util.ArrayList.forEach(ArrayList.java:1597)
</pre></td>
                            <td>-</td></tr>
                        <tr class="b">
                            <td><img src="images/icon_success_sml.gif" /></td>
                            <td><a id="TC_checkout.VerifyPaymentConfirmationTest.verifyDownloadedInvoiceContent"></a>verifyDownloadedInvoiceContent</td>
                            <td>107.9 s</td></tr>
                        <tr class="a">
                            <td><a href="#checkout.VerifyPaymentConfirmationTest.verifyContinueButton"><img src="images/icon_error_sml.gif" /></a></td>
                            <td><a id="TC_checkout.VerifyPaymentConfirmationTest.verifyContinueButton"></a><a href="#checkout.VerifyPaymentConfirmationTest.verifyContinueButton">verifyContinueButton</a>
                                <div class="detailToggle" style="display:inline"><a href="javascript:toggleDisplay('checkout.VerifyPaymentConfirmationTest.verifyContinueButton');"><span style="display:inline;" id="checkout.VerifyPaymentConfirmationTest.verifyContinueButton-off"> + </span><span style="display:none;" id="checkout.VerifyPaymentConfirmationTest.verifyContinueButton-on"> - </span>[ Detail ]</a></div></td>
                            <td>10.22 s</td></tr>
                        <tr class="b">
                            <td>-</td>
                            <td>no such element: Unable to locate element: {&quot;method&quot;:&quot;css selector&quot;,&quot;selector&quot;:&quot;div.pull-right &gt; a&quot;}
                                (Session info: chrome=134.0.6998.118)
                                For documentation on this error, please visit: https://www.selenium.dev/documentation/webdriver/troubleshooting/errors#no-such-element-exception
                                Build info: version: '4.29.0', revision: '5fc1ec94cb'
                                System info: os.name: 'Mac OS X', os.arch: 'aarch64', os.version: '15.3.2', java.version: '23.0.2'
                                Driver info: org.openqa.selenium.chrome.ChromeDriver
                                Command: [21a5603c5574bd2573f32232db2548a7, findElement {using=css selector, value=div.pull-right &gt; a}]
                                Capabilities {acceptInsecureCerts: false, browserName: chrome, browserVersion: 134.0.6998.118, chrome: {chromedriverVersion: 134.0.6998.165 (fd886e2cb29..., userDataDir: /var/folders/zf/xqc06fm50ns...}, fedcm:accounts: true, goog:chromeOptions: {debuggerAddress: localhost:52408}, networkConnectionEnabled: false, pageLoadStrategy: normal, platformName: mac, proxy: Proxy(), se:cdp: ws://localhost:52408/devtoo..., se:cdpVersion: 134.0.6998.118, setWindowRect: true, strictFileInteractability: false, timeouts: {implicit: 0, pageLoad: 300000, script: 30000}, unhandledPromptBehavior: dismiss and notify, webauthn:extension:credBlob: true, webauthn:extension:largeBlob: true, webauthn:extension:minPinLength: true, webauthn:extension:prf: true, webauthn:virtualAuthenticators: true}
                                Session ID: 21a5603c5574bd2573f32232db2548a7</td>
                            <td>-</td></tr>
                        <tr id="checkout.VerifyPaymentConfirmationTest.verifyContinueButton-error" style="display:none;" class="a">
                            <td>-</td>
                            <td>
<pre>org.openqa.selenium.NoSuchElementException:
no such element: Unable to locate element: {&quot;method&quot;:&quot;css selector&quot;,&quot;selector&quot;:&quot;div.pull-right &gt; a&quot;}
  (Session info: chrome=134.0.6998.118)
For documentation on this error, please visit: https://www.selenium.dev/documentation/webdriver/troubleshooting/errors#no-such-element-exception
Build info: version: '4.29.0', revision: '5fc1ec94cb'
System info: os.name: 'Mac OS X', os.arch: 'aarch64', os.version: '15.3.2', java.version: '23.0.2'
Driver info: org.openqa.selenium.chrome.ChromeDriver
Command: [21a5603c5574bd2573f32232db2548a7, findElement {using=css selector, value=div.pull-right &gt; a}]
Capabilities {acceptInsecureCerts: false, browserName: chrome, browserVersion: 134.0.6998.118, chrome: {chromedriverVersion: 134.0.6998.165 (fd886e2cb29..., userDataDir: /var/folders/zf/xqc06fm50ns...}, fedcm:accounts: true, goog:chromeOptions: {debuggerAddress: localhost:52408}, networkConnectionEnabled: false, pageLoadStrategy: normal, platformName: mac, proxy: Proxy(), se:cdp: ws://localhost:52408/devtoo..., se:cdpVersion: 134.0.6998.118, setWindowRect: true, strictFileInteractability: false, timeouts: {implicit: 0, pageLoad: 300000, script: 30000}, unhandledPromptBehavior: dismiss and notify, webauthn:extension:credBlob: true, webauthn:extension:largeBlob: true, webauthn:extension:minPinLength: true, webauthn:extension:prf: true, webauthn:virtualAuthenticators: true}
Session ID: 21a5603c5574bd2573f32232db2548a7
	at java.base/jdk.internal.reflect.DirectConstructorHandleAccessor.newInstance(DirectConstructorHandleAccessor.java:62)
	at java.base/java.lang.reflect.Constructor.newInstanceWithCaller(Constructor.java:501)
	at java.base/java.lang.reflect.Constructor.newInstance(Constructor.java:485)
	at org.openqa.selenium.remote.ErrorCodec.decode(ErrorCodec.java:167)
	at org.openqa.selenium.remote.codec.w3c.W3CHttpResponseCodec.decode(W3CHttpResponseCodec.java:138)
	at org.openqa.selenium.remote.codec.w3c.W3CHttpResponseCodec.decode(W3CHttpResponseCodec.java:50)
	at org.openqa.selenium.remote.HttpCommandExecutor.execute(HttpCommandExecutor.java:215)
	at org.openqa.selenium.remote.service.DriverCommandExecutor.invokeExecute(DriverCommandExecutor.java:216)
	at org.openqa.selenium.remote.service.DriverCommandExecutor.execute(DriverCommandExecutor.java:174)
	at org.openqa.selenium.remote.RemoteWebDriver.execute(RemoteWebDriver.java:545)
	at org.openqa.selenium.remote.ElementLocation$ElementFinder$2.findElement(ElementLocation.java:165)
	at org.openqa.selenium.remote.ElementLocation.findElement(ElementLocation.java:59)
	at org.openqa.selenium.remote.RemoteWebDriver.findElement(RemoteWebDriver.java:368)
	at org.openqa.selenium.remote.RemoteWebDriver.findElement(RemoteWebDriver.java:362)
	at pages.PaymentDonePage.clickContinueButton(PaymentDonePage.java:42)
	at checkout.VerifyPaymentConfirmationTest.verifyContinueButton(VerifyPaymentConfirmationTest.java:546)
	at java.base/java.lang.reflect.Method.invoke(Method.java:580)
	at java.base/java.util.ArrayList.forEach(ArrayList.java:1597)
	at java.base/java.util.ArrayList.forEach(ArrayList.java:1597)
</pre></td>
                            <td>-</td></tr></table></section><section><a id="products.VerifyProductsTest"></a>
                    <h3>VerifyProductsTest</h3>
                    <table class="table table-striped">
                        <tr class="a">
                            <td><img src="images/icon_success_sml.gif" /></td>
                            <td><a id="TC_products.VerifyProductsTest.pageHeaderConfirmation"></a>pageHeaderConfirmation</td>
                            <td>4.720 s</td></tr>
                        <tr class="b">
                            <td><img src="images/icon_success_sml.gif" /></td>
                            <td><a id="TC_products.VerifyProductsTest.pageHeaderSearchChangeConfirmation"></a>pageHeaderSearchChangeConfirmation</td>
                            <td>7.753 s</td></tr>
                        <tr class="a">
                            <td><img src="images/icon_success_sml.gif" /></td>
                            <td><a id="TC_products.VerifyProductsTest.pageHeaderFilterChangeConfirmation.28String.2C_String.29.5B1.5D"></a>pageHeaderFilterChangeConfirmation(String, String)[1]</td>
                            <td>6.333 s</td></tr>
                        <tr class="b">
                            <td><img src="images/icon_success_sml.gif" /></td>
                            <td><a id="TC_products.VerifyProductsTest.pageHeaderFilterChangeConfirmation.28String.2C_String.29.5B2.5D"></a>pageHeaderFilterChangeConfirmation(String, String)[2]</td>
                            <td>5.801 s</td></tr>
                        <tr class="a">
                            <td><img src="images/icon_success_sml.gif" /></td>
                            <td><a id="TC_products.VerifyProductsTest.pageHeaderFilterChangeConfirmation.28String.2C_String.29.5B3.5D"></a>pageHeaderFilterChangeConfirmation(String, String)[3]</td>
                            <td>5.942 s</td></tr>
                        <tr class="b">
                            <td><img src="images/icon_success_sml.gif" /></td>
                            <td><a id="TC_products.VerifyProductsTest.pageHeaderFilterChangeConfirmation.28String.2C_String.29.5B4.5D"></a>pageHeaderFilterChangeConfirmation(String, String)[4]</td>
                            <td>6.053 s</td></tr>
                        <tr class="a">
                            <td><img src="images/icon_success_sml.gif" /></td>
                            <td><a id="TC_products.VerifyProductsTest.pageHeaderFilterChangeConfirmation.28String.2C_String.29.5B5.5D"></a>pageHeaderFilterChangeConfirmation(String, String)[5]</td>
                            <td>6.031 s</td></tr>
                        <tr class="b">
                            <td><img src="images/icon_success_sml.gif" /></td>
                            <td><a id="TC_products.VerifyProductsTest.pageHeaderFilterChangeConfirmation.28String.2C_String.29.5B6.5D"></a>pageHeaderFilterChangeConfirmation(String, String)[6]</td>
                            <td>7.534 s</td></tr>
                        <tr class="a">
                            <td><img src="images/icon_success_sml.gif" /></td>
                            <td><a id="TC_products.VerifyProductsTest.pageHeaderFilterChangeConfirmation.28String.2C_String.29.5B7.5D"></a>pageHeaderFilterChangeConfirmation(String, String)[7]</td>
                            <td>6.198 s</td></tr>
                        <tr class="b">
                            <td><img src="images/icon_success_sml.gif" /></td>
                            <td><a id="TC_products.VerifyProductsTest.pageHeaderBrandFilterChangeConfirmation.28String.2C_String.29.5B1.5D"></a>pageHeaderBrandFilterChangeConfirmation(String, String)[1]</td>
                            <td>6.144 s</td></tr>
                        <tr class="a">
                            <td><img src="images/icon_success_sml.gif" /></td>
                            <td><a id="TC_products.VerifyProductsTest.pageHeaderBrandFilterChangeConfirmation.28String.2C_String.29.5B2.5D"></a>pageHeaderBrandFilterChangeConfirmation(String, String)[2]</td>
                            <td>6.586 s</td></tr>
                        <tr class="b">
                            <td><img src="images/icon_success_sml.gif" /></td>
                            <td><a id="TC_products.VerifyProductsTest.pageHeaderBrandFilterChangeConfirmation.28String.2C_String.29.5B3.5D"></a>pageHeaderBrandFilterChangeConfirmation(String, String)[3]</td>
                            <td>6.767 s</td></tr>
                        <tr class="a">
                            <td><img src="images/icon_success_sml.gif" /></td>
                            <td><a id="TC_products.VerifyProductsTest.pageHeaderBrandFilterChangeConfirmation.28String.2C_String.29.5B4.5D"></a>pageHeaderBrandFilterChangeConfirmation(String, String)[4]</td>
                            <td>5.457 s</td></tr>
                        <tr class="b">
                            <td><img src="images/icon_success_sml.gif" /></td>
                            <td><a id="TC_products.VerifyProductsTest.pageHeaderBrandFilterChangeConfirmation.28String.2C_String.29.5B5.5D"></a>pageHeaderBrandFilterChangeConfirmation(String, String)[5]</td>
                            <td>5.801 s</td></tr>
                        <tr class="a">
                            <td><img src="images/icon_success_sml.gif" /></td>
                            <td><a id="TC_products.VerifyProductsTest.pageHeaderBrandFilterChangeConfirmation.28String.2C_String.29.5B6.5D"></a>pageHeaderBrandFilterChangeConfirmation(String, String)[6]</td>
                            <td>6.501 s</td></tr>
                        <tr class="b">
                            <td><img src="images/icon_success_sml.gif" /></td>
                            <td><a id="TC_products.VerifyProductsTest.pageHeaderBrandFilterChangeConfirmation.28String.2C_String.29.5B7.5D"></a>pageHeaderBrandFilterChangeConfirmation(String, String)[7]</td>
                            <td>6.766 s</td></tr>
                        <tr class="a">
                            <td><img src="images/icon_success_sml.gif" /></td>
                            <td><a id="TC_products.VerifyProductsTest.pageHeaderBrandFilterChangeConfirmation.28String.2C_String.29.5B8.5D"></a>pageHeaderBrandFilterChangeConfirmation(String, String)[8]</td>
                            <td>5.955 s</td></tr>
                        <tr class="b">
                            <td><img src="images/icon_success_sml.gif" /></td>
                            <td><a id="TC_products.VerifyProductsTest.verifyAddToCartModalHeaderText"></a>verifyAddToCartModalHeaderText</td>
                            <td>6.132 s</td></tr>
                        <tr class="a">
                            <td><img src="images/icon_success_sml.gif" /></td>
                            <td><a id="TC_products.VerifyProductsTest.verifyAddToCartModalBodyText"></a>verifyAddToCartModalBodyText</td>
                            <td>6.458 s</td></tr>
                        <tr class="b">
                            <td><img src="images/icon_success_sml.gif" /></td>
                            <td><a id="TC_products.VerifyProductsTest.verifyAddToCartModalFooterText"></a>verifyAddToCartModalFooterText</td>
                            <td>5.839 s</td></tr>
                        <tr class="a">
                            <td><img src="images/icon_success_sml.gif" /></td>
                            <td><a id="TC_products.VerifyProductsTest.verifyAddToCartModalContinueButton"></a>verifyAddToCartModalContinueButton</td>
                            <td>6.160 s</td></tr>
                        <tr class="b">
                            <td><img src="images/icon_success_sml.gif" /></td>
                            <td><a id="TC_products.VerifyProductsTest.verifyAddToCartModalViewCartButton"></a>verifyAddToCartModalViewCartButton</td>
                            <td>6.013 s</td></tr></table></section><section><a id="testCases.VerifyTestCasesTest"></a>
                    <h3>VerifyTestCasesTest</h3>
                    <table class="table table-striped">
                        <tr class="a">
                            <td><img src="images/icon_success_sml.gif" /></td>
                            <td><a id="TC_testCases.VerifyTestCasesTest.verifyTestCasePageHeader"></a>verifyTestCasePageHeader</td>
                            <td>4.195 s</td></tr>
                        <tr class="b">
                            <td><img src="images/icon_success_sml.gif" /></td>
                            <td><a id="TC_testCases.VerifyTestCasesTest.verifyTestCaseTitleWithButton"></a>verifyTestCaseTitleWithButton</td>
                            <td>4.125 s</td></tr></table></section><section><a id="apiLists.VerifyApiListsTest"></a>
                    <h3>VerifyApiListsTest</h3>
                    <table class="table table-striped">
                        <tr class="a">
                            <td><img src="images/icon_success_sml.gif" /></td>
                            <td><a id="TC_apiLists.VerifyApiListsTest.verifyTestCasePageHeader"></a>verifyTestCasePageHeader</td>
                            <td>4.274 s</td></tr>
                        <tr class="b">
                            <td><img src="images/icon_success_sml.gif" /></td>
                            <td><a id="TC_apiLists.VerifyApiListsTest.verifyTestCaseTitle"></a>verifyTestCaseTitle</td>
                            <td>4.854 s</td></tr></table></section><section><a id="products.VerifyProductDetailsTest"></a>
                    <h3>VerifyProductDetailsTest</h3>
                    <table class="table table-striped">
                        <tr class="a">
                            <td><img src="images/icon_success_sml.gif" /></td>
                            <td><a id="TC_products.VerifyProductDetailsTest.verifyProductName"></a>verifyProductName</td>
                            <td>6.894 s</td></tr>
                        <tr class="b">
                            <td><img src="images/icon_success_sml.gif" /></td>
                            <td><a id="TC_products.VerifyProductDetailsTest.verifyProductCategory"></a>verifyProductCategory</td>
                            <td>6.573 s</td></tr>
                        <tr class="a">
                            <td><img src="images/icon_success_sml.gif" /></td>
                            <td><a id="TC_products.VerifyProductDetailsTest.verifyInitialProductQuantity"></a>verifyInitialProductQuantity</td>
                            <td>7.189 s</td></tr>
                        <tr class="b">
                            <td><img src="images/icon_success_sml.gif" /></td>
                            <td><a id="TC_products.VerifyProductDetailsTest.verifyAddToCartModalHeaderText"></a>verifyAddToCartModalHeaderText</td>
                            <td>6.797 s</td></tr>
                        <tr class="a">
                            <td><img src="images/icon_success_sml.gif" /></td>
                            <td><a id="TC_products.VerifyProductDetailsTest.verifyAddToCartModalBodyText"></a>verifyAddToCartModalBodyText</td>
                            <td>11.24 s</td></tr>
                        <tr class="b">
                            <td><img src="images/icon_success_sml.gif" /></td>
                            <td><a id="TC_products.VerifyProductDetailsTest.verifyAddToCartModalFooterText"></a>verifyAddToCartModalFooterText</td>
                            <td>9.592 s</td></tr>
                        <tr class="a">
                            <td><img src="images/icon_success_sml.gif" /></td>
                            <td><a id="TC_products.VerifyProductDetailsTest.verifyAddToCartModalContinueButton"></a>verifyAddToCartModalContinueButton</td>
                            <td>6.337 s</td></tr>
                        <tr class="b">
                            <td><img src="images/icon_success_sml.gif" /></td>
                            <td><a id="TC_products.VerifyProductDetailsTest.verifyAddToCartModalViewCartButton"></a>verifyAddToCartModalViewCartButton</td>
                            <td>8.499 s</td></tr></table></section><section><a id="authentications.VerifyAccountDeletionTest"></a>
                    <h3>VerifyAccountDeletionTest</h3>
                    <table class="table table-striped">
                        <tr class="a">
                            <td><img src="images/icon_success_sml.gif" /></td>
                            <td><a id="TC_authentications.VerifyAccountDeletionTest.verifyDeleteAccountPageTitle"></a>verifyDeleteAccountPageTitle</td>
                            <td>9.536 s</td></tr>
                        <tr class="b">
                            <td><a href="#authentications.VerifyAccountDeletionTest.verifyDeleteAccountPageParagraph"><img src="images/icon_error_sml.gif" /></a></td>
                            <td><a id="TC_authentications.VerifyAccountDeletionTest.verifyDeleteAccountPageParagraph"></a><a href="#authentications.VerifyAccountDeletionTest.verifyDeleteAccountPageParagraph">verifyDeleteAccountPageParagraph</a>
                                <div class="detailToggle" style="display:inline"><a href="javascript:toggleDisplay('authentications.VerifyAccountDeletionTest.verifyDeleteAccountPageParagraph');"><span style="display:inline;" id="authentications.VerifyAccountDeletionTest.verifyDeleteAccountPageParagraph-off"> + </span><span style="display:none;" id="authentications.VerifyAccountDeletionTest.verifyDeleteAccountPageParagraph-on"> - </span>[ Detail ]</a></div></td>
                            <td>4.045 s</td></tr>
                        <tr class="a">
                            <td>-</td>
                            <td>no such element: Unable to locate element: {&quot;method&quot;:&quot;css selector&quot;,&quot;selector&quot;:&quot;#id_gender1&quot;}
                                (Session info: chrome=134.0.6998.118)
                                For documentation on this error, please visit: https://www.selenium.dev/documentation/webdriver/troubleshooting/errors#no-such-element-exception
                                Build info: version: '4.29.0', revision: '5fc1ec94cb'
                                System info: os.name: 'Mac OS X', os.arch: 'aarch64', os.version: '15.3.2', java.version: '23.0.2'
                                Driver info: org.openqa.selenium.chrome.ChromeDriver
                                Command: [404c0631065e83117744fa4a67dedac4, findElement {using=id, value=id_gender1}]
                                Capabilities {acceptInsecureCerts: false, browserName: chrome, browserVersion: 134.0.6998.118, chrome: {chromedriverVersion: 134.0.6998.165 (fd886e2cb29..., userDataDir: /var/folders/zf/xqc06fm50ns...}, fedcm:accounts: true, goog:chromeOptions: {debuggerAddress: localhost:49681}, networkConnectionEnabled: false, pageLoadStrategy: normal, platformName: mac, proxy: Proxy(), se:cdp: ws://localhost:49681/devtoo..., se:cdpVersion: 134.0.6998.118, setWindowRect: true, strictFileInteractability: false, timeouts: {implicit: 0, pageLoad: 300000, script: 30000}, unhandledPromptBehavior: dismiss and notify, webauthn:extension:credBlob: true, webauthn:extension:largeBlob: true, webauthn:extension:minPinLength: true, webauthn:extension:prf: true, webauthn:virtualAuthenticators: true}
                                Session ID: 404c0631065e83117744fa4a67dedac4</td>
                            <td>-</td></tr>
                        <tr id="authentications.VerifyAccountDeletionTest.verifyDeleteAccountPageParagraph-error" style="display:none;" class="b">
                            <td>-</td>
                            <td>
<pre>org.openqa.selenium.NoSuchElementException:
no such element: Unable to locate element: {&quot;method&quot;:&quot;css selector&quot;,&quot;selector&quot;:&quot;#id_gender1&quot;}
  (Session info: chrome=134.0.6998.118)
For documentation on this error, please visit: https://www.selenium.dev/documentation/webdriver/troubleshooting/errors#no-such-element-exception
Build info: version: '4.29.0', revision: '5fc1ec94cb'
System info: os.name: 'Mac OS X', os.arch: 'aarch64', os.version: '15.3.2', java.version: '23.0.2'
Driver info: org.openqa.selenium.chrome.ChromeDriver
Command: [404c0631065e83117744fa4a67dedac4, findElement {using=id, value=id_gender1}]
Capabilities {acceptInsecureCerts: false, browserName: chrome, browserVersion: 134.0.6998.118, chrome: {chromedriverVersion: 134.0.6998.165 (fd886e2cb29..., userDataDir: /var/folders/zf/xqc06fm50ns...}, fedcm:accounts: true, goog:chromeOptions: {debuggerAddress: localhost:49681}, networkConnectionEnabled: false, pageLoadStrategy: normal, platformName: mac, proxy: Proxy(), se:cdp: ws://localhost:49681/devtoo..., se:cdpVersion: 134.0.6998.118, setWindowRect: true, strictFileInteractability: false, timeouts: {implicit: 0, pageLoad: 300000, script: 30000}, unhandledPromptBehavior: dismiss and notify, webauthn:extension:credBlob: true, webauthn:extension:largeBlob: true, webauthn:extension:minPinLength: true, webauthn:extension:prf: true, webauthn:virtualAuthenticators: true}
Session ID: 404c0631065e83117744fa4a67dedac4
	at java.base/jdk.internal.reflect.DirectConstructorHandleAccessor.newInstance(DirectConstructorHandleAccessor.java:62)
	at java.base/java.lang.reflect.Constructor.newInstanceWithCaller(Constructor.java:501)
	at java.base/java.lang.reflect.Constructor.newInstance(Constructor.java:485)
	at org.openqa.selenium.remote.ErrorCodec.decode(ErrorCodec.java:167)
	at org.openqa.selenium.remote.codec.w3c.W3CHttpResponseCodec.decode(W3CHttpResponseCodec.java:138)
	at org.openqa.selenium.remote.codec.w3c.W3CHttpResponseCodec.decode(W3CHttpResponseCodec.java:50)
	at org.openqa.selenium.remote.HttpCommandExecutor.execute(HttpCommandExecutor.java:215)
	at org.openqa.selenium.remote.service.DriverCommandExecutor.invokeExecute(DriverCommandExecutor.java:216)
	at org.openqa.selenium.remote.service.DriverCommandExecutor.execute(DriverCommandExecutor.java:174)
	at org.openqa.selenium.remote.RemoteWebDriver.execute(RemoteWebDriver.java:545)
	at org.openqa.selenium.remote.ElementLocation$ElementFinder$2.findElement(ElementLocation.java:165)
	at org.openqa.selenium.remote.ElementLocation.findElement(ElementLocation.java:66)
	at org.openqa.selenium.remote.RemoteWebDriver.findElement(RemoteWebDriver.java:368)
	at org.openqa.selenium.remote.RemoteWebDriver.findElement(RemoteWebDriver.java:362)
	at pages.AccountSetUpPage.setMrTitleValue(AccountSetUpPage.java:61)
	at pages.AccountSetUpPage.setTitleValue(AccountSetUpPage.java:72)
	at authentications.VerifyAccountDeletionTest.verifyDeleteAccountPageParagraph(VerifyAccountDeletionTest.java:144)
	at java.base/java.lang.reflect.Method.invoke(Method.java:580)
	at java.base/java.util.ArrayList.forEach(ArrayList.java:1597)
	at java.base/java.util.ArrayList.forEach(ArrayList.java:1597)
</pre></td>
                            <td>-</td></tr>
                        <tr class="a">
                            <td><img src="images/icon_success_sml.gif" /></td>
                            <td><a id="TC_authentications.VerifyAccountDeletionTest.verifyDeleteAccount"></a>verifyDeleteAccount</td>
                            <td>10.30 s</td></tr></table></section><section><a id="authentications.VerifyAccountCreatedTest"></a>
                    <h3>VerifyAccountCreatedTest</h3>
                    <table class="table table-striped">
                        <tr class="a">
                            <td><a href="#authentications.VerifyAccountCreatedTest.verifyAccountCreatedSectionText"><img src="images/icon_error_sml.gif" /></a></td>
                            <td><a id="TC_authentications.VerifyAccountCreatedTest.verifyAccountCreatedSectionText"></a><a href="#authentications.VerifyAccountCreatedTest.verifyAccountCreatedSectionText">verifyAccountCreatedSectionText</a>
                                <div class="detailToggle" style="display:inline"><a href="javascript:toggleDisplay('authentications.VerifyAccountCreatedTest.verifyAccountCreatedSectionText');"><span style="display:inline;" id="authentications.VerifyAccountCreatedTest.verifyAccountCreatedSectionText-off"> + </span><span style="display:none;" id="authentications.VerifyAccountCreatedTest.verifyAccountCreatedSectionText-on"> - </span>[ Detail ]</a></div></td>
                            <td>5.138 s</td></tr>
                        <tr class="b">
                            <td>-</td>
                            <td>no such element: Unable to locate element: {&quot;method&quot;:&quot;css selector&quot;,&quot;selector&quot;:&quot;#id_gender1&quot;}
                                (Session info: chrome=134.0.6998.118)
                                For documentation on this error, please visit: https://www.selenium.dev/documentation/webdriver/troubleshooting/errors#no-such-element-exception
                                Build info: version: '4.29.0', revision: '5fc1ec94cb'
                                System info: os.name: 'Mac OS X', os.arch: 'aarch64', os.version: '15.3.2', java.version: '23.0.2'
                                Driver info: org.openqa.selenium.chrome.ChromeDriver
                                Command: [d0d68bdf132623f910309759ba6ffdab, findElement {using=id, value=id_gender1}]
                                Capabilities {acceptInsecureCerts: false, browserName: chrome, browserVersion: 134.0.6998.118, chrome: {chromedriverVersion: 134.0.6998.165 (fd886e2cb29..., userDataDir: /var/folders/zf/xqc06fm50ns...}, fedcm:accounts: true, goog:chromeOptions: {debuggerAddress: localhost:49868}, networkConnectionEnabled: false, pageLoadStrategy: normal, platformName: mac, proxy: Proxy(), se:cdp: ws://localhost:49868/devtoo..., se:cdpVersion: 134.0.6998.118, setWindowRect: true, strictFileInteractability: false, timeouts: {implicit: 0, pageLoad: 300000, script: 30000}, unhandledPromptBehavior: dismiss and notify, webauthn:extension:credBlob: true, webauthn:extension:largeBlob: true, webauthn:extension:minPinLength: true, webauthn:extension:prf: true, webauthn:virtualAuthenticators: true}
                                Session ID: d0d68bdf132623f910309759ba6ffdab</td>
                            <td>-</td></tr>
                        <tr id="authentications.VerifyAccountCreatedTest.verifyAccountCreatedSectionText-error" style="display:none;" class="a">
                            <td>-</td>
                            <td>
<pre>org.openqa.selenium.NoSuchElementException:
no such element: Unable to locate element: {&quot;method&quot;:&quot;css selector&quot;,&quot;selector&quot;:&quot;#id_gender1&quot;}
  (Session info: chrome=134.0.6998.118)
For documentation on this error, please visit: https://www.selenium.dev/documentation/webdriver/troubleshooting/errors#no-such-element-exception
Build info: version: '4.29.0', revision: '5fc1ec94cb'
System info: os.name: 'Mac OS X', os.arch: 'aarch64', os.version: '15.3.2', java.version: '23.0.2'
Driver info: org.openqa.selenium.chrome.ChromeDriver
Command: [d0d68bdf132623f910309759ba6ffdab, findElement {using=id, value=id_gender1}]
Capabilities {acceptInsecureCerts: false, browserName: chrome, browserVersion: 134.0.6998.118, chrome: {chromedriverVersion: 134.0.6998.165 (fd886e2cb29..., userDataDir: /var/folders/zf/xqc06fm50ns...}, fedcm:accounts: true, goog:chromeOptions: {debuggerAddress: localhost:49868}, networkConnectionEnabled: false, pageLoadStrategy: normal, platformName: mac, proxy: Proxy(), se:cdp: ws://localhost:49868/devtoo..., se:cdpVersion: 134.0.6998.118, setWindowRect: true, strictFileInteractability: false, timeouts: {implicit: 0, pageLoad: 300000, script: 30000}, unhandledPromptBehavior: dismiss and notify, webauthn:extension:credBlob: true, webauthn:extension:largeBlob: true, webauthn:extension:minPinLength: true, webauthn:extension:prf: true, webauthn:virtualAuthenticators: true}
Session ID: d0d68bdf132623f910309759ba6ffdab
	at java.base/jdk.internal.reflect.DirectConstructorHandleAccessor.newInstance(DirectConstructorHandleAccessor.java:62)
	at java.base/java.lang.reflect.Constructor.newInstanceWithCaller(Constructor.java:501)
	at java.base/java.lang.reflect.Constructor.newInstance(Constructor.java:485)
	at org.openqa.selenium.remote.ErrorCodec.decode(ErrorCodec.java:167)
	at org.openqa.selenium.remote.codec.w3c.W3CHttpResponseCodec.decode(W3CHttpResponseCodec.java:138)
	at org.openqa.selenium.remote.codec.w3c.W3CHttpResponseCodec.decode(W3CHttpResponseCodec.java:50)
	at org.openqa.selenium.remote.HttpCommandExecutor.execute(HttpCommandExecutor.java:215)
	at org.openqa.selenium.remote.service.DriverCommandExecutor.invokeExecute(DriverCommandExecutor.java:216)
	at org.openqa.selenium.remote.service.DriverCommandExecutor.execute(DriverCommandExecutor.java:174)
	at org.openqa.selenium.remote.RemoteWebDriver.execute(RemoteWebDriver.java:545)
	at org.openqa.selenium.remote.ElementLocation$ElementFinder$2.findElement(ElementLocation.java:165)
	at org.openqa.selenium.remote.ElementLocation.findElement(ElementLocation.java:66)
	at org.openqa.selenium.remote.RemoteWebDriver.findElement(RemoteWebDriver.java:368)
	at org.openqa.selenium.remote.RemoteWebDriver.findElement(RemoteWebDriver.java:362)
	at pages.AccountSetUpPage.setMrTitleValue(AccountSetUpPage.java:61)
	at pages.AccountSetUpPage.setTitleValue(AccountSetUpPage.java:72)
	at authentications.VerifyAccountCreatedTest.verifyAccountCreatedSectionText(VerifyAccountCreatedTest.java:71)
	at java.base/java.lang.reflect.Method.invoke(Method.java:580)
	at java.base/java.util.ArrayList.forEach(ArrayList.java:1597)
	at java.base/java.util.ArrayList.forEach(ArrayList.java:1597)
</pre></td>
                            <td>-</td></tr>
                        <tr class="b">
                            <td><a href="#authentications.VerifyAccountCreatedTest.verifyContinueButtonFunction"><img src="images/icon_error_sml.gif" /></a></td>
                            <td><a id="TC_authentications.VerifyAccountCreatedTest.verifyContinueButtonFunction"></a><a href="#authentications.VerifyAccountCreatedTest.verifyContinueButtonFunction">verifyContinueButtonFunction</a>
                                <div class="detailToggle" style="display:inline"><a href="javascript:toggleDisplay('authentications.VerifyAccountCreatedTest.verifyContinueButtonFunction');"><span style="display:inline;" id="authentications.VerifyAccountCreatedTest.verifyContinueButtonFunction-off"> + </span><span style="display:none;" id="authentications.VerifyAccountCreatedTest.verifyContinueButtonFunction-on"> - </span>[ Detail ]</a></div></td>
                            <td>3.574 s</td></tr>
                        <tr class="a">
                            <td>-</td>
                            <td>no such element: Unable to locate element: {&quot;method&quot;:&quot;css selector&quot;,&quot;selector&quot;:&quot;#id_gender1&quot;}
                                (Session info: chrome=134.0.6998.118)
                                For documentation on this error, please visit: https://www.selenium.dev/documentation/webdriver/troubleshooting/errors#no-such-element-exception
                                Build info: version: '4.29.0', revision: '5fc1ec94cb'
                                System info: os.name: 'Mac OS X', os.arch: 'aarch64', os.version: '15.3.2', java.version: '23.0.2'
                                Driver info: org.openqa.selenium.chrome.ChromeDriver
                                Command: [34e052151cb9c41b3e0b6d853a830043, findElement {using=id, value=id_gender1}]
                                Capabilities {acceptInsecureCerts: false, browserName: chrome, browserVersion: 134.0.6998.118, chrome: {chromedriverVersion: 134.0.6998.165 (fd886e2cb29..., userDataDir: /var/folders/zf/xqc06fm50ns...}, fedcm:accounts: true, goog:chromeOptions: {debuggerAddress: localhost:49906}, networkConnectionEnabled: false, pageLoadStrategy: normal, platformName: mac, proxy: Proxy(), se:cdp: ws://localhost:49906/devtoo..., se:cdpVersion: 134.0.6998.118, setWindowRect: true, strictFileInteractability: false, timeouts: {implicit: 0, pageLoad: 300000, script: 30000}, unhandledPromptBehavior: dismiss and notify, webauthn:extension:credBlob: true, webauthn:extension:largeBlob: true, webauthn:extension:minPinLength: true, webauthn:extension:prf: true, webauthn:virtualAuthenticators: true}
                                Session ID: 34e052151cb9c41b3e0b6d853a830043</td>
                            <td>-</td></tr>
                        <tr id="authentications.VerifyAccountCreatedTest.verifyContinueButtonFunction-error" style="display:none;" class="b">
                            <td>-</td>
                            <td>
<pre>org.openqa.selenium.NoSuchElementException:
no such element: Unable to locate element: {&quot;method&quot;:&quot;css selector&quot;,&quot;selector&quot;:&quot;#id_gender1&quot;}
  (Session info: chrome=134.0.6998.118)
For documentation on this error, please visit: https://www.selenium.dev/documentation/webdriver/troubleshooting/errors#no-such-element-exception
Build info: version: '4.29.0', revision: '5fc1ec94cb'
System info: os.name: 'Mac OS X', os.arch: 'aarch64', os.version: '15.3.2', java.version: '23.0.2'
Driver info: org.openqa.selenium.chrome.ChromeDriver
Command: [34e052151cb9c41b3e0b6d853a830043, findElement {using=id, value=id_gender1}]
Capabilities {acceptInsecureCerts: false, browserName: chrome, browserVersion: 134.0.6998.118, chrome: {chromedriverVersion: 134.0.6998.165 (fd886e2cb29..., userDataDir: /var/folders/zf/xqc06fm50ns...}, fedcm:accounts: true, goog:chromeOptions: {debuggerAddress: localhost:49906}, networkConnectionEnabled: false, pageLoadStrategy: normal, platformName: mac, proxy: Proxy(), se:cdp: ws://localhost:49906/devtoo..., se:cdpVersion: 134.0.6998.118, setWindowRect: true, strictFileInteractability: false, timeouts: {implicit: 0, pageLoad: 300000, script: 30000}, unhandledPromptBehavior: dismiss and notify, webauthn:extension:credBlob: true, webauthn:extension:largeBlob: true, webauthn:extension:minPinLength: true, webauthn:extension:prf: true, webauthn:virtualAuthenticators: true}
Session ID: 34e052151cb9c41b3e0b6d853a830043
	at java.base/jdk.internal.reflect.DirectConstructorHandleAccessor.newInstance(DirectConstructorHandleAccessor.java:62)
	at java.base/java.lang.reflect.Constructor.newInstanceWithCaller(Constructor.java:501)
	at java.base/java.lang.reflect.Constructor.newInstance(Constructor.java:485)
	at org.openqa.selenium.remote.ErrorCodec.decode(ErrorCodec.java:167)
	at org.openqa.selenium.remote.codec.w3c.W3CHttpResponseCodec.decode(W3CHttpResponseCodec.java:138)
	at org.openqa.selenium.remote.codec.w3c.W3CHttpResponseCodec.decode(W3CHttpResponseCodec.java:50)
	at org.openqa.selenium.remote.HttpCommandExecutor.execute(HttpCommandExecutor.java:215)
	at org.openqa.selenium.remote.service.DriverCommandExecutor.invokeExecute(DriverCommandExecutor.java:216)
	at org.openqa.selenium.remote.service.DriverCommandExecutor.execute(DriverCommandExecutor.java:174)
	at org.openqa.selenium.remote.RemoteWebDriver.execute(RemoteWebDriver.java:545)
	at org.openqa.selenium.remote.ElementLocation$ElementFinder$2.findElement(ElementLocation.java:165)
	at org.openqa.selenium.remote.ElementLocation.findElement(ElementLocation.java:66)
	at org.openqa.selenium.remote.RemoteWebDriver.findElement(RemoteWebDriver.java:368)
	at org.openqa.selenium.remote.RemoteWebDriver.findElement(RemoteWebDriver.java:362)
	at pages.AccountSetUpPage.setMrTitleValue(AccountSetUpPage.java:61)
	at pages.AccountSetUpPage.setTitleValue(AccountSetUpPage.java:72)
	at authentications.VerifyAccountCreatedTest.verifyContinueButtonFunction(VerifyAccountCreatedTest.java:138)
	at java.base/java.lang.reflect.Method.invoke(Method.java:580)
	at java.base/java.util.ArrayList.forEach(ArrayList.java:1597)
	at java.base/java.util.ArrayList.forEach(ArrayList.java:1597)
</pre></td>
                            <td>-</td></tr></table></section><section><a id="checkout.VerifyCheckOutTest"></a>
                    <h3>VerifyCheckOutTest</h3>
                    <table class="table table-striped">
                        <tr class="a">
                            <td><img src="images/icon_success_sml.gif" /></td>
                            <td><a id="TC_checkout.VerifyCheckOutTest.verifyCheckoutCartCrumb"></a>verifyCheckoutCartCrumb</td>
                            <td>8.530 s</td></tr>
                        <tr class="b">
                            <td><img src="images/icon_success_sml.gif" /></td>
                            <td><a id="TC_checkout.VerifyCheckOutTest.verifyAddressSectionHeaderText"></a>verifyAddressSectionHeaderText</td>
                            <td>8.137 s</td></tr>
                        <tr class="a">
                            <td><img src="images/icon_success_sml.gif" /></td>
                            <td><a id="TC_checkout.VerifyCheckOutTest.verifyDeliveryAddressDataText"></a>verifyDeliveryAddressDataText</td>
                            <td>12.93 s</td></tr>
                        <tr class="b">
                            <td><img src="images/icon_success_sml.gif" /></td>
                            <td><a id="TC_checkout.VerifyCheckOutTest.verifyBillingAddressDataText"></a>verifyBillingAddressDataText</td>
                            <td>9.894 s</td></tr>
                        <tr class="a">
                            <td><img src="images/icon_success_sml.gif" /></td>
                            <td><a id="TC_checkout.VerifyCheckOutTest.verifyOrderSectionHeaderText"></a>verifyOrderSectionHeaderText</td>
                            <td>9.681 s</td></tr>
                        <tr class="b">
                            <td><a href="#checkout.VerifyCheckOutTest.verifyProductsInOrderSection"><img src="images/icon_error_sml.gif" /></a></td>
                            <td><a id="TC_checkout.VerifyCheckOutTest.verifyProductsInOrderSection"></a><a href="#checkout.VerifyCheckOutTest.verifyProductsInOrderSection">verifyProductsInOrderSection</a>
                                <div class="detailToggle" style="display:inline"><a href="javascript:toggleDisplay('checkout.VerifyCheckOutTest.verifyProductsInOrderSection');"><span style="display:inline;" id="checkout.VerifyCheckOutTest.verifyProductsInOrderSection-off"> + </span><span style="display:none;" id="checkout.VerifyCheckOutTest.verifyProductsInOrderSection-on"> - </span>[ Detail ]</a></div></td>
                            <td>22.67 s</td></tr>
                        <tr class="a">
                            <td>-</td>
                            <td>Product not found in added products: Sleeveless Unicorn Print Fit &amp; Flare Net Dress - Multi</td>
                            <td>-</td></tr>
                        <tr id="checkout.VerifyCheckOutTest.verifyProductsInOrderSection-failure" style="display:none;" class="b">
                            <td>-</td>
                            <td>
<pre>java.lang.AssertionError: Product not found in added products: Sleeveless Unicorn Print Fit &amp; Flare Net Dress - Multi
	at checkout.VerifyCheckOutTest.lambda$verifyProductsInOrderSection$1(VerifyCheckOutTest.java:421)
	at java.base/java.util.Optional.orElseThrow(Optional.java:403)
	at checkout.VerifyCheckOutTest.verifyProductsInOrderSection(VerifyCheckOutTest.java:421)
	at java.base/java.lang.reflect.Method.invoke(Method.java:580)
	at java.base/java.util.ArrayList.forEach(ArrayList.java:1597)
	at java.base/java.util.ArrayList.forEach(ArrayList.java:1597)
</pre></td>
                            <td>-</td></tr>
                        <tr class="a">
                            <td><img src="images/icon_success_sml.gif" /></td>
                            <td><a id="TC_checkout.VerifyCheckOutTest.verifyTotalAmountOfProductsInOrderSection"></a>verifyTotalAmountOfProductsInOrderSection</td>
                            <td>22.73 s</td></tr></table></section><section><a id="home.VerifyHomeTest"></a>
                    <h3>VerifyHomeTest</h3>
                    <table class="table table-striped">
                        <tr class="a">
                            <td><img src="images/icon_success_sml.gif" /></td>
                            <td><a id="TC_home.VerifyHomeTest.confirmHeaderText"></a>confirmHeaderText</td>
                            <td>3.165 s</td></tr>
                        <tr class="b">
                            <td><img src="images/icon_success_sml.gif" /></td>
                            <td><a id="TC_home.VerifyHomeTest.confirmItemsSectionHeaderText"></a>confirmItemsSectionHeaderText</td>
                            <td>3.217 s</td></tr>
                        <tr class="a">
                            <td><img src="images/icon_success_sml.gif" /></td>
                            <td><a id="TC_home.VerifyHomeTest.confirmFilterSectionHeaderText"></a>confirmFilterSectionHeaderText</td>
                            <td>3.237 s</td></tr>
                        <tr class="b">
                            <td><img src="images/icon_success_sml.gif" /></td>
                            <td><a id="TC_home.VerifyHomeTest.confirmFooterText"></a>confirmFooterText</td>
                            <td>2.752 s</td></tr>
                        <tr class="a">
                            <td><img src="images/icon_success_sml.gif" /></td>
                            <td><a id="TC_home.VerifyHomeTest.verifySubscriptionFunctionality"></a>verifySubscriptionFunctionality</td>
                            <td>2.839 s</td></tr></table></section><section><a id="authentications.VerifyAccountSetUpTest"></a>
                    <h3>VerifyAccountSetUpTest</h3>
                    <table class="table table-striped">
                        <tr class="a">
                            <td><a href="#authentications.VerifyAccountSetUpTest.verifyAccountSetUpSectionText"><img src="images/icon_error_sml.gif" /></a></td>
                            <td><a id="TC_authentications.VerifyAccountSetUpTest.verifyAccountSetUpSectionText"></a><a href="#authentications.VerifyAccountSetUpTest.verifyAccountSetUpSectionText">verifyAccountSetUpSectionText</a>
                                <div class="detailToggle" style="display:inline"><a href="javascript:toggleDisplay('authentications.VerifyAccountSetUpTest.verifyAccountSetUpSectionText');"><span style="display:inline;" id="authentications.VerifyAccountSetUpTest.verifyAccountSetUpSectionText-off"> + </span><span style="display:none;" id="authentications.VerifyAccountSetUpTest.verifyAccountSetUpSectionText-on"> - </span>[ Detail ]</a></div></td>
                            <td>5.594 s</td></tr>
                        <tr class="b">
                            <td>-</td>
                            <td>stale element reference: stale element not found
                                (Session info: chrome=134.0.6998.118)
                                For documentation on this error, please visit: https://www.selenium.dev/documentation/webdriver/troubleshooting/errors#stale-element-reference-exception
                                Build info: version: '4.29.0', revision: '5fc1ec94cb'
                                System info: os.name: 'Mac OS X', os.arch: 'aarch64', os.version: '15.3.2', java.version: '23.0.2'
                                Driver info: org.openqa.selenium.chrome.ChromeDriver
                                Command: [18c446dbaf73598a2aef335ccaa71ccc, getElementText {id=f.608F7398F891C220173056E484276599.d.B118BD781A789B0BDFBF1DC2DC444BDB.e.77}]
                                Capabilities {acceptInsecureCerts: false, browserName: chrome, browserVersion: 134.0.6998.118, chrome: {chromedriverVersion: 134.0.6998.165 (fd886e2cb29..., userDataDir: /var/folders/zf/xqc06fm50ns...}, fedcm:accounts: true, goog:chromeOptions: {debuggerAddress: localhost:49925}, networkConnectionEnabled: false, pageLoadStrategy: normal, platformName: mac, proxy: Proxy(), se:cdp: ws://localhost:49925/devtoo..., se:cdpVersion: 134.0.6998.118, setWindowRect: true, strictFileInteractability: false, timeouts: {implicit: 0, pageLoad: 300000, script: 30000}, unhandledPromptBehavior: dismiss and notify, webauthn:extension:credBlob: true, webauthn:extension:largeBlob: true, webauthn:extension:minPinLength: true, webauthn:extension:prf: true, webauthn:virtualAuthenticators: true}
                                Element: [[ChromeDriver: chrome on mac (18c446dbaf73598a2aef335ccaa71ccc)] -&gt; css selector: div.login-form &gt; h2]
                                Session ID: 18c446dbaf73598a2aef335ccaa71ccc</td>
                            <td>-</td></tr>
                        <tr id="authentications.VerifyAccountSetUpTest.verifyAccountSetUpSectionText-error" style="display:none;" class="a">
                            <td>-</td>
                            <td>
<pre>org.openqa.selenium.StaleElementReferenceException:
stale element reference: stale element not found
  (Session info: chrome=134.0.6998.118)
For documentation on this error, please visit: https://www.selenium.dev/documentation/webdriver/troubleshooting/errors#stale-element-reference-exception
Build info: version: '4.29.0', revision: '5fc1ec94cb'
System info: os.name: 'Mac OS X', os.arch: 'aarch64', os.version: '15.3.2', java.version: '23.0.2'
Driver info: org.openqa.selenium.chrome.ChromeDriver
Command: [18c446dbaf73598a2aef335ccaa71ccc, getElementText {id=f.608F7398F891C220173056E484276599.d.B118BD781A789B0BDFBF1DC2DC444BDB.e.77}]
Capabilities {acceptInsecureCerts: false, browserName: chrome, browserVersion: 134.0.6998.118, chrome: {chromedriverVersion: 134.0.6998.165 (fd886e2cb29..., userDataDir: /var/folders/zf/xqc06fm50ns...}, fedcm:accounts: true, goog:chromeOptions: {debuggerAddress: localhost:49925}, networkConnectionEnabled: false, pageLoadStrategy: normal, platformName: mac, proxy: Proxy(), se:cdp: ws://localhost:49925/devtoo..., se:cdpVersion: 134.0.6998.118, setWindowRect: true, strictFileInteractability: false, timeouts: {implicit: 0, pageLoad: 300000, script: 30000}, unhandledPromptBehavior: dismiss and notify, webauthn:extension:credBlob: true, webauthn:extension:largeBlob: true, webauthn:extension:minPinLength: true, webauthn:extension:prf: true, webauthn:virtualAuthenticators: true}
Element: [[ChromeDriver: chrome on mac (18c446dbaf73598a2aef335ccaa71ccc)] -&gt; css selector: div.login-form &gt; h2]
Session ID: 18c446dbaf73598a2aef335ccaa71ccc
	at java.base/jdk.internal.reflect.DirectConstructorHandleAccessor.newInstance(DirectConstructorHandleAccessor.java:62)
	at java.base/java.lang.reflect.Constructor.newInstanceWithCaller(Constructor.java:501)
	at java.base/java.lang.reflect.Constructor.newInstance(Constructor.java:485)
	at org.openqa.selenium.remote.ErrorCodec.decode(ErrorCodec.java:167)
	at org.openqa.selenium.remote.codec.w3c.W3CHttpResponseCodec.decode(W3CHttpResponseCodec.java:138)
	at org.openqa.selenium.remote.codec.w3c.W3CHttpResponseCodec.decode(W3CHttpResponseCodec.java:50)
	at org.openqa.selenium.remote.HttpCommandExecutor.execute(HttpCommandExecutor.java:215)
	at org.openqa.selenium.remote.service.DriverCommandExecutor.invokeExecute(DriverCommandExecutor.java:216)
	at org.openqa.selenium.remote.service.DriverCommandExecutor.execute(DriverCommandExecutor.java:174)
	at org.openqa.selenium.remote.RemoteWebDriver.execute(RemoteWebDriver.java:545)
	at org.openqa.selenium.remote.RemoteWebElement.execute(RemoteWebElement.java:223)
	at org.openqa.selenium.remote.RemoteWebElement.getText(RemoteWebElement.java:191)
	at pages.AccountSetUpPage.getSectionTitle(AccountSetUpPage.java:47)
	at authentications.VerifyAccountSetUpTest.verifyAccountSetUpSectionText(VerifyAccountSetUpTest.java:39)
	at java.base/java.lang.reflect.Method.invoke(Method.java:580)
	at java.base/java.util.ArrayList.forEach(ArrayList.java:1597)
	at java.base/java.util.ArrayList.forEach(ArrayList.java:1597)
</pre></td>
                            <td>-</td></tr>
                        <tr class="b">
                            <td><a href="#authentications.VerifyAccountSetUpTest.verifyNameValue"><img src="images/icon_error_sml.gif" /></a></td>
                            <td><a id="TC_authentications.VerifyAccountSetUpTest.verifyNameValue"></a><a href="#authentications.VerifyAccountSetUpTest.verifyNameValue">verifyNameValue</a>
                                <div class="detailToggle" style="display:inline"><a href="javascript:toggleDisplay('authentications.VerifyAccountSetUpTest.verifyNameValue');"><span style="display:inline;" id="authentications.VerifyAccountSetUpTest.verifyNameValue-off"> + </span><span style="display:none;" id="authentications.VerifyAccountSetUpTest.verifyNameValue-on"> - </span>[ Detail ]</a></div></td>
                            <td>4.026 s</td></tr>
                        <tr class="a">
                            <td>-</td>
                            <td>no such element: Unable to locate element: {&quot;method&quot;:&quot;css selector&quot;,&quot;selector&quot;:&quot;#name&quot;}
                                (Session info: chrome=134.0.6998.118)
                                For documentation on this error, please visit: https://www.selenium.dev/documentation/webdriver/troubleshooting/errors#no-such-element-exception
                                Build info: version: '4.29.0', revision: '5fc1ec94cb'
                                System info: os.name: 'Mac OS X', os.arch: 'aarch64', os.version: '15.3.2', java.version: '23.0.2'
                                Driver info: org.openqa.selenium.chrome.ChromeDriver
                                Command: [2f3132300e247617ccea44527e2592f3, findElement {using=id, value=name}]
                                Capabilities {acceptInsecureCerts: false, browserName: chrome, browserVersion: 134.0.6998.118, chrome: {chromedriverVersion: 134.0.6998.165 (fd886e2cb29..., userDataDir: /var/folders/zf/xqc06fm50ns...}, fedcm:accounts: true, goog:chromeOptions: {debuggerAddress: localhost:49976}, networkConnectionEnabled: false, pageLoadStrategy: normal, platformName: mac, proxy: Proxy(), se:cdp: ws://localhost:49976/devtoo..., se:cdpVersion: 134.0.6998.118, setWindowRect: true, strictFileInteractability: false, timeouts: {implicit: 0, pageLoad: 300000, script: 30000}, unhandledPromptBehavior: dismiss and notify, webauthn:extension:credBlob: true, webauthn:extension:largeBlob: true, webauthn:extension:minPinLength: true, webauthn:extension:prf: true, webauthn:virtualAuthenticators: true}
                                Session ID: 2f3132300e247617ccea44527e2592f3</td>
                            <td>-</td></tr>
                        <tr id="authentications.VerifyAccountSetUpTest.verifyNameValue-error" style="display:none;" class="b">
                            <td>-</td>
                            <td>
<pre>org.openqa.selenium.NoSuchElementException:
no such element: Unable to locate element: {&quot;method&quot;:&quot;css selector&quot;,&quot;selector&quot;:&quot;#name&quot;}
  (Session info: chrome=134.0.6998.118)
For documentation on this error, please visit: https://www.selenium.dev/documentation/webdriver/troubleshooting/errors#no-such-element-exception
Build info: version: '4.29.0', revision: '5fc1ec94cb'
System info: os.name: 'Mac OS X', os.arch: 'aarch64', os.version: '15.3.2', java.version: '23.0.2'
Driver info: org.openqa.selenium.chrome.ChromeDriver
Command: [2f3132300e247617ccea44527e2592f3, findElement {using=id, value=name}]
Capabilities {acceptInsecureCerts: false, browserName: chrome, browserVersion: 134.0.6998.118, chrome: {chromedriverVersion: 134.0.6998.165 (fd886e2cb29..., userDataDir: /var/folders/zf/xqc06fm50ns...}, fedcm:accounts: true, goog:chromeOptions: {debuggerAddress: localhost:49976}, networkConnectionEnabled: false, pageLoadStrategy: normal, platformName: mac, proxy: Proxy(), se:cdp: ws://localhost:49976/devtoo..., se:cdpVersion: 134.0.6998.118, setWindowRect: true, strictFileInteractability: false, timeouts: {implicit: 0, pageLoad: 300000, script: 30000}, unhandledPromptBehavior: dismiss and notify, webauthn:extension:credBlob: true, webauthn:extension:largeBlob: true, webauthn:extension:minPinLength: true, webauthn:extension:prf: true, webauthn:virtualAuthenticators: true}
Session ID: 2f3132300e247617ccea44527e2592f3
	at java.base/jdk.internal.reflect.DirectConstructorHandleAccessor.newInstance(DirectConstructorHandleAccessor.java:62)
	at java.base/java.lang.reflect.Constructor.newInstanceWithCaller(Constructor.java:501)
	at java.base/java.lang.reflect.Constructor.newInstance(Constructor.java:485)
	at org.openqa.selenium.remote.ErrorCodec.decode(ErrorCodec.java:167)
	at org.openqa.selenium.remote.codec.w3c.W3CHttpResponseCodec.decode(W3CHttpResponseCodec.java:138)
	at org.openqa.selenium.remote.codec.w3c.W3CHttpResponseCodec.decode(W3CHttpResponseCodec.java:50)
	at org.openqa.selenium.remote.HttpCommandExecutor.execute(HttpCommandExecutor.java:215)
	at org.openqa.selenium.remote.service.DriverCommandExecutor.invokeExecute(DriverCommandExecutor.java:216)
	at org.openqa.selenium.remote.service.DriverCommandExecutor.execute(DriverCommandExecutor.java:174)
	at org.openqa.selenium.remote.RemoteWebDriver.execute(RemoteWebDriver.java:545)
	at org.openqa.selenium.remote.ElementLocation$ElementFinder$2.findElement(ElementLocation.java:165)
	at org.openqa.selenium.remote.ElementLocation.findElement(ElementLocation.java:66)
	at org.openqa.selenium.remote.RemoteWebDriver.findElement(RemoteWebDriver.java:368)
	at org.openqa.selenium.remote.RemoteWebDriver.findElement(RemoteWebDriver.java:362)
	at pages.AccountSetUpPage.getNameValue(AccountSetUpPage.java:51)
	at authentications.VerifyAccountSetUpTest.verifyNameValue(VerifyAccountSetUpTest.java:56)
	at java.base/java.lang.reflect.Method.invoke(Method.java:580)
	at java.base/java.util.ArrayList.forEach(ArrayList.java:1597)
	at java.base/java.util.ArrayList.forEach(ArrayList.java:1597)
</pre></td>
                            <td>-</td></tr>
                        <tr class="a">
                            <td><a href="#authentications.VerifyAccountSetUpTest.verifyEmailValue"><img src="images/icon_error_sml.gif" /></a></td>
                            <td><a id="TC_authentications.VerifyAccountSetUpTest.verifyEmailValue"></a><a href="#authentications.VerifyAccountSetUpTest.verifyEmailValue">verifyEmailValue</a>
                                <div class="detailToggle" style="display:inline"><a href="javascript:toggleDisplay('authentications.VerifyAccountSetUpTest.verifyEmailValue');"><span style="display:inline;" id="authentications.VerifyAccountSetUpTest.verifyEmailValue-off"> + </span><span style="display:none;" id="authentications.VerifyAccountSetUpTest.verifyEmailValue-on"> - </span>[ Detail ]</a></div></td>
                            <td>4.076 s</td></tr>
                        <tr class="b">
                            <td>-</td>
                            <td>no such element: Unable to locate element: {&quot;method&quot;:&quot;css selector&quot;,&quot;selector&quot;:&quot;#email&quot;}
                                (Session info: chrome=134.0.6998.118)
                                For documentation on this error, please visit: https://www.selenium.dev/documentation/webdriver/troubleshooting/errors#no-such-element-exception
                                Build info: version: '4.29.0', revision: '5fc1ec94cb'
                                System info: os.name: 'Mac OS X', os.arch: 'aarch64', os.version: '15.3.2', java.version: '23.0.2'
                                Driver info: org.openqa.selenium.chrome.ChromeDriver
                                Command: [c92ca3733896cfb910d455b851f862ef, findElement {using=id, value=email}]
                                Capabilities {acceptInsecureCerts: false, browserName: chrome, browserVersion: 134.0.6998.118, chrome: {chromedriverVersion: 134.0.6998.165 (fd886e2cb29..., userDataDir: /var/folders/zf/xqc06fm50ns...}, fedcm:accounts: true, goog:chromeOptions: {debuggerAddress: localhost:50010}, networkConnectionEnabled: false, pageLoadStrategy: normal, platformName: mac, proxy: Proxy(), se:cdp: ws://localhost:50010/devtoo..., se:cdpVersion: 134.0.6998.118, setWindowRect: true, strictFileInteractability: false, timeouts: {implicit: 0, pageLoad: 300000, script: 30000}, unhandledPromptBehavior: dismiss and notify, webauthn:extension:credBlob: true, webauthn:extension:largeBlob: true, webauthn:extension:minPinLength: true, webauthn:extension:prf: true, webauthn:virtualAuthenticators: true}
                                Session ID: c92ca3733896cfb910d455b851f862ef</td>
                            <td>-</td></tr>
                        <tr id="authentications.VerifyAccountSetUpTest.verifyEmailValue-error" style="display:none;" class="a">
                            <td>-</td>
                            <td>
<pre>org.openqa.selenium.NoSuchElementException:
no such element: Unable to locate element: {&quot;method&quot;:&quot;css selector&quot;,&quot;selector&quot;:&quot;#email&quot;}
  (Session info: chrome=134.0.6998.118)
For documentation on this error, please visit: https://www.selenium.dev/documentation/webdriver/troubleshooting/errors#no-such-element-exception
Build info: version: '4.29.0', revision: '5fc1ec94cb'
System info: os.name: 'Mac OS X', os.arch: 'aarch64', os.version: '15.3.2', java.version: '23.0.2'
Driver info: org.openqa.selenium.chrome.ChromeDriver
Command: [c92ca3733896cfb910d455b851f862ef, findElement {using=id, value=email}]
Capabilities {acceptInsecureCerts: false, browserName: chrome, browserVersion: 134.0.6998.118, chrome: {chromedriverVersion: 134.0.6998.165 (fd886e2cb29..., userDataDir: /var/folders/zf/xqc06fm50ns...}, fedcm:accounts: true, goog:chromeOptions: {debuggerAddress: localhost:50010}, networkConnectionEnabled: false, pageLoadStrategy: normal, platformName: mac, proxy: Proxy(), se:cdp: ws://localhost:50010/devtoo..., se:cdpVersion: 134.0.6998.118, setWindowRect: true, strictFileInteractability: false, timeouts: {implicit: 0, pageLoad: 300000, script: 30000}, unhandledPromptBehavior: dismiss and notify, webauthn:extension:credBlob: true, webauthn:extension:largeBlob: true, webauthn:extension:minPinLength: true, webauthn:extension:prf: true, webauthn:virtualAuthenticators: true}
Session ID: c92ca3733896cfb910d455b851f862ef
	at java.base/jdk.internal.reflect.DirectConstructorHandleAccessor.newInstance(DirectConstructorHandleAccessor.java:62)
	at java.base/java.lang.reflect.Constructor.newInstanceWithCaller(Constructor.java:501)
	at java.base/java.lang.reflect.Constructor.newInstance(Constructor.java:485)
	at org.openqa.selenium.remote.ErrorCodec.decode(ErrorCodec.java:167)
	at org.openqa.selenium.remote.codec.w3c.W3CHttpResponseCodec.decode(W3CHttpResponseCodec.java:138)
	at org.openqa.selenium.remote.codec.w3c.W3CHttpResponseCodec.decode(W3CHttpResponseCodec.java:50)
	at org.openqa.selenium.remote.HttpCommandExecutor.execute(HttpCommandExecutor.java:215)
	at org.openqa.selenium.remote.service.DriverCommandExecutor.invokeExecute(DriverCommandExecutor.java:216)
	at org.openqa.selenium.remote.service.DriverCommandExecutor.execute(DriverCommandExecutor.java:174)
	at org.openqa.selenium.remote.RemoteWebDriver.execute(RemoteWebDriver.java:545)
	at org.openqa.selenium.remote.ElementLocation$ElementFinder$2.findElement(ElementLocation.java:165)
	at org.openqa.selenium.remote.ElementLocation.findElement(ElementLocation.java:66)
	at org.openqa.selenium.remote.RemoteWebDriver.findElement(RemoteWebDriver.java:368)
	at org.openqa.selenium.remote.RemoteWebDriver.findElement(RemoteWebDriver.java:362)
	at pages.AccountSetUpPage.getEmailValue(AccountSetUpPage.java:56)
	at authentications.VerifyAccountSetUpTest.verifyEmailValue(VerifyAccountSetUpTest.java:75)
	at java.base/java.lang.reflect.Method.invoke(Method.java:580)
	at java.base/java.util.ArrayList.forEach(ArrayList.java:1597)
	at java.base/java.util.ArrayList.forEach(ArrayList.java:1597)
</pre></td>
                            <td>-</td></tr></table></section><section><a id="authentications.VerifyLoginTest"></a>
                    <h3>VerifyLoginTest</h3>
                    <table class="table table-striped">
                        <tr class="a">
                            <td><img src="images/icon_success_sml.gif" /></td>
                            <td><a id="TC_authentications.VerifyLoginTest.verifyLoginSectionText"></a>verifyLoginSectionText</td>
                            <td>4.956 s</td></tr>
                        <tr class="b">
                            <td><img src="images/icon_success_sml.gif" /></td>
                            <td><a id="TC_authentications.VerifyLoginTest.verifySuccessfulLogin"></a>verifySuccessfulLogin</td>
                            <td>6.242 s</td></tr>
                        <tr class="a">
                            <td><img src="images/icon_success_sml.gif" /></td>
                            <td><a id="TC_authentications.VerifyLoginTest.verifyUnsuccessfulLogin"></a>verifyUnsuccessfulLogin</td>
                            <td>4.946 s</td></tr></table></section><section><a id="contact.VerifyContactTest"></a>
                    <h3>VerifyContactTest</h3>
                    <table class="table table-striped">
                        <tr class="a">
                            <td><img src="images/icon_success_sml.gif" /></td>
                            <td><a id="TC_contact.VerifyContactTest.verifyPageHeaderText"></a>verifyPageHeaderText</td>
                            <td>4.039 s</td></tr>
                        <tr class="b">
                            <td><img src="images/icon_success_sml.gif" /></td>
                            <td><a id="TC_contact.VerifyContactTest.verifyFeedbackTitle"></a>verifyFeedbackTitle</td>
                            <td>4.002 s</td></tr>
                        <tr class="a">
                            <td><img src="images/icon_success_sml.gif" /></td>
                            <td><a id="TC_contact.VerifyContactTest.verifyFeedbackParagraphContainThankYou"></a>verifyFeedbackParagraphContainThankYou</td>
                            <td>4.907 s</td></tr>
                        <tr class="b">
                            <td><img src="images/icon_success_sml.gif" /></td>
                            <td><a id="TC_contact.VerifyContactTest.verifyFeedbackEmailText"></a>verifyFeedbackEmailText</td>
                            <td>4.082 s</td></tr>
                        <tr class="a">
                            <td><img src="images/icon_success_sml.gif" /></td>
                            <td><a id="TC_contact.VerifyContactTest.verifyFormTitle"></a>verifyFormTitle</td>
                            <td>4.204 s</td></tr>
                        <tr class="b">
                            <td><img src="images/icon_success_sml.gif" /></td>
                            <td><a id="TC_contact.VerifyContactTest.verifyAlertText"></a>verifyAlertText</td>
                            <td>5.033 s</td></tr>
                        <tr class="a">
                            <td><img src="images/icon_success_sml.gif" /></td>
                            <td><a id="TC_contact.VerifyContactTest.verifyDismissButton"></a>verifyDismissButton</td>
                            <td>5.662 s</td></tr>
                        <tr class="b">
                            <td><img src="images/icon_success_sml.gif" /></td>
                            <td><a id="TC_contact.VerifyContactTest.verifySuccessMessageUpload"></a>verifySuccessMessageUpload</td>
                            <td>4.678 s</td></tr>
                        <tr class="a">
                            <td><img src="images/icon_success_sml.gif" /></td>
                            <td><a id="TC_contact.VerifyContactTest.verifySuccessMessageNoUpload"></a>verifySuccessMessageNoUpload</td>
                            <td>4.767 s</td></tr>
                        <tr class="b">
                            <td><img src="images/icon_success_sml.gif" /></td>
                            <td><a id="TC_contact.VerifyContactTest.verifyHomeButtonFunctionality"></a>verifyHomeButtonFunctionality</td>
                            <td>6.596 s</td></tr></table></section><section><a id="checkout.VerifyPaymentTest"></a>
                    <h3>VerifyPaymentTest</h3>
                    <table class="table table-striped">
                        <tr class="a">
                            <td><a href="#checkout.VerifyPaymentTest.verifyPaymentPageSectionTitleText"><img src="images/icon_error_sml.gif" /></a></td>
                            <td><a id="TC_checkout.VerifyPaymentTest.verifyPaymentPageSectionTitleText"></a><a href="#checkout.VerifyPaymentTest.verifyPaymentPageSectionTitleText">verifyPaymentPageSectionTitleText</a>
                                <div class="detailToggle" style="display:inline"><a href="javascript:toggleDisplay('checkout.VerifyPaymentTest.verifyPaymentPageSectionTitleText');"><span style="display:inline;" id="checkout.VerifyPaymentTest.verifyPaymentPageSectionTitleText-off"> + </span><span style="display:none;" id="checkout.VerifyPaymentTest.verifyPaymentPageSectionTitleText-on"> - </span>[ Detail ]</a></div></td>
                            <td>6.316 s</td></tr>
                        <tr class="b">
                            <td>-</td>
                            <td>stale element reference: stale element not found
                                (Session info: chrome=134.0.6998.118)
                                For documentation on this error, please visit: https://www.selenium.dev/documentation/webdriver/troubleshooting/errors#stale-element-reference-exception
                                Build info: version: '4.29.0', revision: '5fc1ec94cb'
                                System info: os.name: 'Mac OS X', os.arch: 'aarch64', os.version: '15.3.2', java.version: '23.0.2'
                                Driver info: org.openqa.selenium.chrome.ChromeDriver
                                Command: [29c70926f0bbb8d8ee1d78b7ea730d5f, executeScript {script=arguments[0].click();, args=[{element-6066-11e4-a52e-4f735466cecf=f.EBEE2FB77699BD2FF4A4CCB89B512F0B.d.71CD7228EF7D1C92B9F72DBF0F02EBB4.e.54}]}]
                                Capabilities {acceptInsecureCerts: false, browserName: chrome, browserVersion: 134.0.6998.118, chrome: {chromedriverVersion: 134.0.6998.165 (fd886e2cb29..., userDataDir: /var/folders/zf/xqc06fm50ns...}, fedcm:accounts: true, goog:chromeOptions: {debuggerAddress: localhost:53925}, networkConnectionEnabled: false, pageLoadStrategy: normal, platformName: mac, proxy: Proxy(), se:cdp: ws://localhost:53925/devtoo..., se:cdpVersion: 134.0.6998.118, setWindowRect: true, strictFileInteractability: false, timeouts: {implicit: 0, pageLoad: 300000, script: 30000}, unhandledPromptBehavior: dismiss and notify, webauthn:extension:credBlob: true, webauthn:extension:largeBlob: true, webauthn:extension:minPinLength: true, webauthn:extension:prf: true, webauthn:virtualAuthenticators: true}
                                Session ID: 29c70926f0bbb8d8ee1d78b7ea730d5f</td>
                            <td>-</td></tr>
                        <tr id="checkout.VerifyPaymentTest.verifyPaymentPageSectionTitleText-error" style="display:none;" class="a">
                            <td>-</td>
                            <td>
<pre>org.openqa.selenium.StaleElementReferenceException:
stale element reference: stale element not found
  (Session info: chrome=134.0.6998.118)
For documentation on this error, please visit: https://www.selenium.dev/documentation/webdriver/troubleshooting/errors#stale-element-reference-exception
Build info: version: '4.29.0', revision: '5fc1ec94cb'
System info: os.name: 'Mac OS X', os.arch: 'aarch64', os.version: '15.3.2', java.version: '23.0.2'
Driver info: org.openqa.selenium.chrome.ChromeDriver
Command: [29c70926f0bbb8d8ee1d78b7ea730d5f, executeScript {script=arguments[0].click();, args=[{element-6066-11e4-a52e-4f735466cecf=f.EBEE2FB77699BD2FF4A4CCB89B512F0B.d.71CD7228EF7D1C92B9F72DBF0F02EBB4.e.54}]}]
Capabilities {acceptInsecureCerts: false, browserName: chrome, browserVersion: 134.0.6998.118, chrome: {chromedriverVersion: 134.0.6998.165 (fd886e2cb29..., userDataDir: /var/folders/zf/xqc06fm50ns...}, fedcm:accounts: true, goog:chromeOptions: {debuggerAddress: localhost:53925}, networkConnectionEnabled: false, pageLoadStrategy: normal, platformName: mac, proxy: Proxy(), se:cdp: ws://localhost:53925/devtoo..., se:cdpVersion: 134.0.6998.118, setWindowRect: true, strictFileInteractability: false, timeouts: {implicit: 0, pageLoad: 300000, script: 30000}, unhandledPromptBehavior: dismiss and notify, webauthn:extension:credBlob: true, webauthn:extension:largeBlob: true, webauthn:extension:minPinLength: true, webauthn:extension:prf: true, webauthn:virtualAuthenticators: true}
Session ID: 29c70926f0bbb8d8ee1d78b7ea730d5f
	at java.base/jdk.internal.reflect.DirectConstructorHandleAccessor.newInstance(DirectConstructorHandleAccessor.java:62)
	at java.base/java.lang.reflect.Constructor.newInstanceWithCaller(Constructor.java:501)
	at java.base/java.lang.reflect.Constructor.newInstance(Constructor.java:485)
	at org.openqa.selenium.remote.ErrorCodec.decode(ErrorCodec.java:167)
	at org.openqa.selenium.remote.codec.w3c.W3CHttpResponseCodec.decode(W3CHttpResponseCodec.java:138)
	at org.openqa.selenium.remote.codec.w3c.W3CHttpResponseCodec.decode(W3CHttpResponseCodec.java:50)
	at org.openqa.selenium.remote.HttpCommandExecutor.execute(HttpCommandExecutor.java:215)
	at org.openqa.selenium.remote.service.DriverCommandExecutor.invokeExecute(DriverCommandExecutor.java:216)
	at org.openqa.selenium.remote.service.DriverCommandExecutor.execute(DriverCommandExecutor.java:174)
	at org.openqa.selenium.remote.RemoteWebDriver.execute(RemoteWebDriver.java:545)
	at org.openqa.selenium.remote.RemoteWebDriver.executeScript(RemoteWebDriver.java:476)
	at pages.HomePage.clickCartNavigation(HomePage.java:107)
	at checkout.VerifyPaymentTest.verifyPaymentPageSectionTitleText(VerifyPaymentTest.java:43)
	at java.base/java.lang.reflect.Method.invoke(Method.java:580)
	at java.base/java.util.ArrayList.forEach(ArrayList.java:1597)
	at java.base/java.util.ArrayList.forEach(ArrayList.java:1597)
</pre></td>
                            <td>-</td></tr>
                        <tr class="b">
                            <td><a href="#checkout.VerifyPaymentTest.verifyPaymentDoneReroute"><img src="images/icon_error_sml.gif" /></a></td>
                            <td><a id="TC_checkout.VerifyPaymentTest.verifyPaymentDoneReroute"></a><a href="#checkout.VerifyPaymentTest.verifyPaymentDoneReroute">verifyPaymentDoneReroute</a>
                                <div class="detailToggle" style="display:inline"><a href="javascript:toggleDisplay('checkout.VerifyPaymentTest.verifyPaymentDoneReroute');"><span style="display:inline;" id="checkout.VerifyPaymentTest.verifyPaymentDoneReroute-off"> + </span><span style="display:none;" id="checkout.VerifyPaymentTest.verifyPaymentDoneReroute-on"> - </span>[ Detail ]</a></div></td>
                            <td>8.740 s</td></tr>
                        <tr class="a">
                            <td>-</td>
                            <td>no such element: Unable to locate element: {&quot;method&quot;:&quot;css selector&quot;,&quot;selector&quot;:&quot;section#form&gt; div.container &gt; div.row &gt; div &gt; h2 &gt; b&quot;}
                                (Session info: chrome=134.0.6998.118)
                                For documentation on this error, please visit: https://www.selenium.dev/documentation/webdriver/troubleshooting/errors#no-such-element-exception
                                Build info: version: '4.29.0', revision: '5fc1ec94cb'
                                System info: os.name: 'Mac OS X', os.arch: 'aarch64', os.version: '15.3.2', java.version: '23.0.2'
                                Driver info: org.openqa.selenium.chrome.ChromeDriver
                                Command: [c1774eb1e13ae90821b554de5be565ff, findElement {using=css selector, value=section#form&gt; div.container &gt; div.row &gt; div &gt; h2 &gt; b}]
                                Capabilities {acceptInsecureCerts: false, browserName: chrome, browserVersion: 134.0.6998.118, chrome: {chromedriverVersion: 134.0.6998.165 (fd886e2cb29..., userDataDir: /var/folders/zf/xqc06fm50ns...}, fedcm:accounts: true, goog:chromeOptions: {debuggerAddress: localhost:53975}, networkConnectionEnabled: false, pageLoadStrategy: normal, platformName: mac, proxy: Proxy(), se:cdp: ws://localhost:53975/devtoo..., se:cdpVersion: 134.0.6998.118, setWindowRect: true, strictFileInteractability: false, timeouts: {implicit: 0, pageLoad: 300000, script: 30000}, unhandledPromptBehavior: dismiss and notify, webauthn:extension:credBlob: true, webauthn:extension:largeBlob: true, webauthn:extension:minPinLength: true, webauthn:extension:prf: true, webauthn:virtualAuthenticators: true}
                                Session ID: c1774eb1e13ae90821b554de5be565ff</td>
                            <td>-</td></tr>
                        <tr id="checkout.VerifyPaymentTest.verifyPaymentDoneReroute-error" style="display:none;" class="b">
                            <td>-</td>
                            <td>
<pre>org.openqa.selenium.NoSuchElementException:
no such element: Unable to locate element: {&quot;method&quot;:&quot;css selector&quot;,&quot;selector&quot;:&quot;section#form&gt; div.container &gt; div.row &gt; div &gt; h2 &gt; b&quot;}
  (Session info: chrome=134.0.6998.118)
For documentation on this error, please visit: https://www.selenium.dev/documentation/webdriver/troubleshooting/errors#no-such-element-exception
Build info: version: '4.29.0', revision: '5fc1ec94cb'
System info: os.name: 'Mac OS X', os.arch: 'aarch64', os.version: '15.3.2', java.version: '23.0.2'
Driver info: org.openqa.selenium.chrome.ChromeDriver
Command: [c1774eb1e13ae90821b554de5be565ff, findElement {using=css selector, value=section#form&gt; div.container &gt; div.row &gt; div &gt; h2 &gt; b}]
Capabilities {acceptInsecureCerts: false, browserName: chrome, browserVersion: 134.0.6998.118, chrome: {chromedriverVersion: 134.0.6998.165 (fd886e2cb29..., userDataDir: /var/folders/zf/xqc06fm50ns...}, fedcm:accounts: true, goog:chromeOptions: {debuggerAddress: localhost:53975}, networkConnectionEnabled: false, pageLoadStrategy: normal, platformName: mac, proxy: Proxy(), se:cdp: ws://localhost:53975/devtoo..., se:cdpVersion: 134.0.6998.118, setWindowRect: true, strictFileInteractability: false, timeouts: {implicit: 0, pageLoad: 300000, script: 30000}, unhandledPromptBehavior: dismiss and notify, webauthn:extension:credBlob: true, webauthn:extension:largeBlob: true, webauthn:extension:minPinLength: true, webauthn:extension:prf: true, webauthn:virtualAuthenticators: true}
Session ID: c1774eb1e13ae90821b554de5be565ff
	at java.base/jdk.internal.reflect.DirectConstructorHandleAccessor.newInstance(DirectConstructorHandleAccessor.java:62)
	at java.base/java.lang.reflect.Constructor.newInstanceWithCaller(Constructor.java:501)
	at java.base/java.lang.reflect.Constructor.newInstance(Constructor.java:485)
	at org.openqa.selenium.remote.ErrorCodec.decode(ErrorCodec.java:167)
	at org.openqa.selenium.remote.codec.w3c.W3CHttpResponseCodec.decode(W3CHttpResponseCodec.java:138)
	at org.openqa.selenium.remote.codec.w3c.W3CHttpResponseCodec.decode(W3CHttpResponseCodec.java:50)
	at org.openqa.selenium.remote.HttpCommandExecutor.execute(HttpCommandExecutor.java:215)
	at org.openqa.selenium.remote.service.DriverCommandExecutor.invokeExecute(DriverCommandExecutor.java:216)
	at org.openqa.selenium.remote.service.DriverCommandExecutor.execute(DriverCommandExecutor.java:174)
	at org.openqa.selenium.remote.RemoteWebDriver.execute(RemoteWebDriver.java:545)
	at org.openqa.selenium.remote.ElementLocation$ElementFinder$2.findElement(ElementLocation.java:165)
	at org.openqa.selenium.remote.ElementLocation.findElement(ElementLocation.java:59)
	at org.openqa.selenium.remote.RemoteWebDriver.findElement(RemoteWebDriver.java:368)
	at org.openqa.selenium.remote.RemoteWebDriver.findElement(RemoteWebDriver.java:362)
	at pages.PaymentDonePage.getSectionTitle(PaymentDonePage.java:26)
	at checkout.VerifyPaymentTest.verifyPaymentDoneReroute(VerifyPaymentTest.java:141)
	at java.base/java.lang.reflect.Method.invoke(Method.java:580)
	at java.base/java.util.ArrayList.forEach(ArrayList.java:1597)
	at java.base/java.util.ArrayList.forEach(ArrayList.java:1597)
</pre></td>
                            <td>-</td></tr></table></section><br /></section><section><a id="Failure_Details"></a>
                <h2>Failure Details</h2>
                <p>[<a href="#Summary">Summary</a>] [<a href="#Package_List">Package List</a>] [<a href="#Test_Cases">Test Cases</a>]</p><br />
                <table class="table table-striped">
                    <tr class="a">
                        <td><img src="images/icon_error_sml.gif" /></td>
                        <td><a id="checkout.VerifyCartTest.verifyProductAddedToCartFromProductDetailsPage"></a>verifyProductAddedToCartFromProductDetailsPage</td></tr>
                    <tr class="b">
                        <td>-</td>
                        <td>java.lang.AssertionError: The added product should be found in the cart
                            Expected: is &lt;true&gt;
                            but: was &lt;false&gt;</td></tr>
                    <tr class="a">
                        <td>-</td>
                        <td>
                            <div id="verifyProductAddedToCartFromProductDetailsPage-failure">checkout.VerifyCartTest:113</div></td></tr>
                    <tr class="b">
                        <td><img src="images/icon_error_sml.gif" /></td>
                        <td><a id="checkout.VerifyCartTest.verifyMoreThanOneProductAddedToCart"></a>verifyMoreThanOneProductAddedToCart</td></tr>
                    <tr class="a">
                        <td>-</td>
                        <td>java.lang.AssertionError: The added product should be found in the cart
                            Expected: is &lt;true&gt;
                            but: was &lt;false&gt;</td></tr>
                    <tr class="b">
                        <td>-</td>
                        <td>
                            <div id="verifyMoreThanOneProductAddedToCart-failure">checkout.VerifyCartTest:152</div></td></tr>
                    <tr class="a">
                        <td><img src="images/icon_warning_sml.gif" /></td>
                        <td><a id="baseTests.DownloadBaseTest.practiceTest2"></a>practiceTest2</td></tr>
                    <tr class="b">
                        <td>-</td>
                        <td>skipped: void baseTests.DownloadBaseTest.practiceTest2() is @Disabled</td></tr>
                    <tr class="a">
                        <td><img src="images/icon_warning_sml.gif" /></td>
                        <td><a id="baseTests.DownloadBaseTest.practiceTest"></a>practiceTest</td></tr>
                    <tr class="b">
                        <td>-</td>
                        <td>skipped: void baseTests.DownloadBaseTest.practiceTest() is @Disabled</td></tr>
                    <tr class="a">
                        <td><img src="images/icon_error_sml.gif" /></td>
                        <td><a id="checkout.VerifyPaymentConfirmationTest.verifyPaymentConfirmationSectionHeader"></a>verifyPaymentConfirmationSectionHeader</td></tr>
                    <tr class="b">
                        <td>-</td>
                        <td>org.openqa.selenium.NoSuchElementException: no such element: Unable to locate element: {&quot;method&quot;:&quot;css selector&quot;,&quot;selector&quot;:&quot;section#form&gt; div.container &gt; div.row &gt; div &gt; h2 &gt; b&quot;}
                            (Session info: chrome=134.0.6998.118)
                            For documentation on this error, please visit: https://www.selenium.dev/documentation/webdriver/troubleshooting/errors#no-such-element-exception
                            Build info: version: '4.29.0', revision: '5fc1ec94cb'
                            System info: os.name: 'Mac OS X', os.arch: 'aarch64', os.version: '15.3.2', java.version: '23.0.2'
                            Driver info: org.openqa.selenium.chrome.ChromeDriver
                            Command: [f0b83bea3faead9deb6d10a6375f85a6, findElement {using=css selector, value=section#form&gt; div.container &gt; div.row &gt; div &gt; h2 &gt; b}]
                            Capabilities {acceptInsecureCerts: false, browserName: chrome, browserVersion: 134.0.6998.118, chrome: {chromedriverVersion: 134.0.6998.165 (fd886e2cb29..., userDataDir: /var/folders/zf/xqc06fm50ns...}, fedcm:accounts: true, goog:chromeOptions: {debuggerAddress: localhost:52025}, networkConnectionEnabled: false, pageLoadStrategy: normal, platformName: mac, proxy: Proxy(), se:cdp: ws://localhost:52025/devtoo..., se:cdpVersion: 134.0.6998.118, setWindowRect: true, strictFileInteractability: false, timeouts: {implicit: 0, pageLoad: 300000, script: 30000}, unhandledPromptBehavior: dismiss and notify, webauthn:extension:credBlob: true, webauthn:extension:largeBlob: true, webauthn:extension:minPinLength: true, webauthn:extension:prf: true, webauthn:virtualAuthenticators: true}
                            Session ID: f0b83bea3faead9deb6d10a6375f85a6</td></tr>
                    <tr class="a">
                        <td>-</td>
                        <td>
                            <div id="verifyPaymentConfirmationSectionHeader-error">checkout.VerifyPaymentConfirmationTest:111</div></td></tr>
                    <tr class="b">
                        <td><img src="images/icon_error_sml.gif" /></td>
                        <td><a id="checkout.VerifyPaymentConfirmationTest.verifyPaymentConfirmationSectionText"></a>verifyPaymentConfirmationSectionText</td></tr>
                    <tr class="a">
                        <td>-</td>
                        <td>org.openqa.selenium.NoSuchElementException: no such element: Unable to locate element: {&quot;method&quot;:&quot;css selector&quot;,&quot;selector&quot;:&quot;section#form&gt; div.container &gt; div.row &gt; div &gt; p&quot;}
                            (Session info: chrome=134.0.6998.118)
                            For documentation on this error, please visit: https://www.selenium.dev/documentation/webdriver/troubleshooting/errors#no-such-element-exception
                            Build info: version: '4.29.0', revision: '5fc1ec94cb'
                            System info: os.name: 'Mac OS X', os.arch: 'aarch64', os.version: '15.3.2', java.version: '23.0.2'
                            Driver info: org.openqa.selenium.chrome.ChromeDriver
                            Command: [08e638b568e4ea75b39fcd0006c69118, findElement {using=css selector, value=section#form&gt; div.container &gt; div.row &gt; div &gt; p}]
                            Capabilities {acceptInsecureCerts: false, browserName: chrome, browserVersion: 134.0.6998.118, chrome: {chromedriverVersion: 134.0.6998.165 (fd886e2cb29..., userDataDir: /var/folders/zf/xqc06fm50ns...}, fedcm:accounts: true, goog:chromeOptions: {debuggerAddress: localhost:52095}, networkConnectionEnabled: false, pageLoadStrategy: normal, platformName: mac, proxy: Proxy(), se:cdp: ws://localhost:52095/devtoo..., se:cdpVersion: 134.0.6998.118, setWindowRect: true, strictFileInteractability: false, timeouts: {implicit: 0, pageLoad: 300000, script: 30000}, unhandledPromptBehavior: dismiss and notify, webauthn:extension:credBlob: true, webauthn:extension:largeBlob: true, webauthn:extension:minPinLength: true, webauthn:extension:prf: true, webauthn:virtualAuthenticators: true}
                            Session ID: 08e638b568e4ea75b39fcd0006c69118</td></tr>
                    <tr class="b">
                        <td>-</td>
                        <td>
                            <div id="verifyPaymentConfirmationSectionText-error">checkout.VerifyPaymentConfirmationTest:188</div></td></tr>
                    <tr class="a">
                        <td><img src="images/icon_error_sml.gif" /></td>
                        <td><a id="checkout.VerifyPaymentConfirmationTest.verifyInvoiceDownload"></a>verifyInvoiceDownload</td></tr>
                    <tr class="b">
                        <td>-</td>
                        <td>org.openqa.selenium.NoSuchElementException: no such element: Unable to locate element: {&quot;method&quot;:&quot;css selector&quot;,&quot;selector&quot;:&quot;section#form&gt; div.container &gt; div.row &gt; div &gt; a&quot;}
                            (Session info: chrome=134.0.6998.118)
                            For documentation on this error, please visit: https://www.selenium.dev/documentation/webdriver/troubleshooting/errors#no-such-element-exception
                            Build info: version: '4.29.0', revision: '5fc1ec94cb'
                            System info: os.name: 'Mac OS X', os.arch: 'aarch64', os.version: '15.3.2', java.version: '23.0.2'
                            Driver info: org.openqa.selenium.chrome.ChromeDriver
                            Command: [6091fd87801d9f8a360deb84656e4f6a, findElement {using=css selector, value=section#form&gt; div.container &gt; div.row &gt; div &gt; a}]
                            Capabilities {acceptInsecureCerts: false, browserName: chrome, browserVersion: 134.0.6998.118, chrome: {chromedriverVersion: 134.0.6998.165 (fd886e2cb29..., userDataDir: /var/folders/zf/xqc06fm50ns...}, fedcm:accounts: true, goog:chromeOptions: {debuggerAddress: localhost:52195}, networkConnectionEnabled: false, pageLoadStrategy: normal, platformName: mac, proxy: Proxy(), se:cdp: ws://localhost:52195/devtoo..., se:cdpVersion: 134.0.6998.118, setWindowRect: true, strictFileInteractability: false, timeouts: {implicit: 0, pageLoad: 300000, script: 30000}, unhandledPromptBehavior: dismiss and notify, webauthn:extension:credBlob: true, webauthn:extension:largeBlob: true, webauthn:extension:minPinLength: true, webauthn:extension:prf: true, webauthn:virtualAuthenticators: true}
                            Session ID: 6091fd87801d9f8a360deb84656e4f6a</td></tr>
                    <tr class="a">
                        <td>-</td>
                        <td>
                            <div id="verifyInvoiceDownload-error">checkout.VerifyPaymentConfirmationTest:271</div></td></tr>
                    <tr class="b">
                        <td><img src="images/icon_error_sml.gif" /></td>
                        <td><a id="checkout.VerifyPaymentConfirmationTest.verifyContinueButton"></a>verifyContinueButton</td></tr>
                    <tr class="a">
                        <td>-</td>
                        <td>org.openqa.selenium.NoSuchElementException: no such element: Unable to locate element: {&quot;method&quot;:&quot;css selector&quot;,&quot;selector&quot;:&quot;div.pull-right &gt; a&quot;}
                            (Session info: chrome=134.0.6998.118)
                            For documentation on this error, please visit: https://www.selenium.dev/documentation/webdriver/troubleshooting/errors#no-such-element-exception
                            Build info: version: '4.29.0', revision: '5fc1ec94cb'
                            System info: os.name: 'Mac OS X', os.arch: 'aarch64', os.version: '15.3.2', java.version: '23.0.2'
                            Driver info: org.openqa.selenium.chrome.ChromeDriver
                            Command: [21a5603c5574bd2573f32232db2548a7, findElement {using=css selector, value=div.pull-right &gt; a}]
                            Capabilities {acceptInsecureCerts: false, browserName: chrome, browserVersion: 134.0.6998.118, chrome: {chromedriverVersion: 134.0.6998.165 (fd886e2cb29..., userDataDir: /var/folders/zf/xqc06fm50ns...}, fedcm:accounts: true, goog:chromeOptions: {debuggerAddress: localhost:52408}, networkConnectionEnabled: false, pageLoadStrategy: normal, platformName: mac, proxy: Proxy(), se:cdp: ws://localhost:52408/devtoo..., se:cdpVersion: 134.0.6998.118, setWindowRect: true, strictFileInteractability: false, timeouts: {implicit: 0, pageLoad: 300000, script: 30000}, unhandledPromptBehavior: dismiss and notify, webauthn:extension:credBlob: true, webauthn:extension:largeBlob: true, webauthn:extension:minPinLength: true, webauthn:extension:prf: true, webauthn:virtualAuthenticators: true}
                            Session ID: 21a5603c5574bd2573f32232db2548a7</td></tr>
                    <tr class="b">
                        <td>-</td>
                        <td>
                            <div id="verifyContinueButton-error">checkout.VerifyPaymentConfirmationTest:546</div></td></tr>
                    <tr class="a">
                        <td><img src="images/icon_error_sml.gif" /></td>
                        <td><a id="authentications.VerifyAccountDeletionTest.verifyDeleteAccountPageParagraph"></a>verifyDeleteAccountPageParagraph</td></tr>
                    <tr class="b">
                        <td>-</td>
                        <td>org.openqa.selenium.NoSuchElementException: no such element: Unable to locate element: {&quot;method&quot;:&quot;css selector&quot;,&quot;selector&quot;:&quot;#id_gender1&quot;}
                            (Session info: chrome=134.0.6998.118)
                            For documentation on this error, please visit: https://www.selenium.dev/documentation/webdriver/troubleshooting/errors#no-such-element-exception
                            Build info: version: '4.29.0', revision: '5fc1ec94cb'
                            System info: os.name: 'Mac OS X', os.arch: 'aarch64', os.version: '15.3.2', java.version: '23.0.2'
                            Driver info: org.openqa.selenium.chrome.ChromeDriver
                            Command: [404c0631065e83117744fa4a67dedac4, findElement {using=id, value=id_gender1}]
                            Capabilities {acceptInsecureCerts: false, browserName: chrome, browserVersion: 134.0.6998.118, chrome: {chromedriverVersion: 134.0.6998.165 (fd886e2cb29..., userDataDir: /var/folders/zf/xqc06fm50ns...}, fedcm:accounts: true, goog:chromeOptions: {debuggerAddress: localhost:49681}, networkConnectionEnabled: false, pageLoadStrategy: normal, platformName: mac, proxy: Proxy(), se:cdp: ws://localhost:49681/devtoo..., se:cdpVersion: 134.0.6998.118, setWindowRect: true, strictFileInteractability: false, timeouts: {implicit: 0, pageLoad: 300000, script: 30000}, unhandledPromptBehavior: dismiss and notify, webauthn:extension:credBlob: true, webauthn:extension:largeBlob: true, webauthn:extension:minPinLength: true, webauthn:extension:prf: true, webauthn:virtualAuthenticators: true}
                            Session ID: 404c0631065e83117744fa4a67dedac4</td></tr>
                    <tr class="a">
                        <td>-</td>
                        <td>
                            <div id="verifyDeleteAccountPageParagraph-error">authentications.VerifyAccountDeletionTest:144</div></td></tr>
                    <tr class="b">
                        <td><img src="images/icon_error_sml.gif" /></td>
                        <td><a id="authentications.VerifyAccountCreatedTest.verifyAccountCreatedSectionText"></a>verifyAccountCreatedSectionText</td></tr>
                    <tr class="a">
                        <td>-</td>
                        <td>org.openqa.selenium.NoSuchElementException: no such element: Unable to locate element: {&quot;method&quot;:&quot;css selector&quot;,&quot;selector&quot;:&quot;#id_gender1&quot;}
                            (Session info: chrome=134.0.6998.118)
                            For documentation on this error, please visit: https://www.selenium.dev/documentation/webdriver/troubleshooting/errors#no-such-element-exception
                            Build info: version: '4.29.0', revision: '5fc1ec94cb'
                            System info: os.name: 'Mac OS X', os.arch: 'aarch64', os.version: '15.3.2', java.version: '23.0.2'
                            Driver info: org.openqa.selenium.chrome.ChromeDriver
                            Command: [d0d68bdf132623f910309759ba6ffdab, findElement {using=id, value=id_gender1}]
                            Capabilities {acceptInsecureCerts: false, browserName: chrome, browserVersion: 134.0.6998.118, chrome: {chromedriverVersion: 134.0.6998.165 (fd886e2cb29..., userDataDir: /var/folders/zf/xqc06fm50ns...}, fedcm:accounts: true, goog:chromeOptions: {debuggerAddress: localhost:49868}, networkConnectionEnabled: false, pageLoadStrategy: normal, platformName: mac, proxy: Proxy(), se:cdp: ws://localhost:49868/devtoo..., se:cdpVersion: 134.0.6998.118, setWindowRect: true, strictFileInteractability: false, timeouts: {implicit: 0, pageLoad: 300000, script: 30000}, unhandledPromptBehavior: dismiss and notify, webauthn:extension:credBlob: true, webauthn:extension:largeBlob: true, webauthn:extension:minPinLength: true, webauthn:extension:prf: true, webauthn:virtualAuthenticators: true}
                            Session ID: d0d68bdf132623f910309759ba6ffdab</td></tr>
                    <tr class="b">
                        <td>-</td>
                        <td>
                            <div id="verifyAccountCreatedSectionText-error">authentications.VerifyAccountCreatedTest:71</div></td></tr>
                    <tr class="a">
                        <td><img src="images/icon_error_sml.gif" /></td>
                        <td><a id="authentications.VerifyAccountCreatedTest.verifyContinueButtonFunction"></a>verifyContinueButtonFunction</td></tr>
                    <tr class="b">
                        <td>-</td>
                        <td>org.openqa.selenium.NoSuchElementException: no such element: Unable to locate element: {&quot;method&quot;:&quot;css selector&quot;,&quot;selector&quot;:&quot;#id_gender1&quot;}
                            (Session info: chrome=134.0.6998.118)
                            For documentation on this error, please visit: https://www.selenium.dev/documentation/webdriver/troubleshooting/errors#no-such-element-exception
                            Build info: version: '4.29.0', revision: '5fc1ec94cb'
                            System info: os.name: 'Mac OS X', os.arch: 'aarch64', os.version: '15.3.2', java.version: '23.0.2'
                            Driver info: org.openqa.selenium.chrome.ChromeDriver
                            Command: [34e052151cb9c41b3e0b6d853a830043, findElement {using=id, value=id_gender1}]
                            Capabilities {acceptInsecureCerts: false, browserName: chrome, browserVersion: 134.0.6998.118, chrome: {chromedriverVersion: 134.0.6998.165 (fd886e2cb29..., userDataDir: /var/folders/zf/xqc06fm50ns...}, fedcm:accounts: true, goog:chromeOptions: {debuggerAddress: localhost:49906}, networkConnectionEnabled: false, pageLoadStrategy: normal, platformName: mac, proxy: Proxy(), se:cdp: ws://localhost:49906/devtoo..., se:cdpVersion: 134.0.6998.118, setWindowRect: true, strictFileInteractability: false, timeouts: {implicit: 0, pageLoad: 300000, script: 30000}, unhandledPromptBehavior: dismiss and notify, webauthn:extension:credBlob: true, webauthn:extension:largeBlob: true, webauthn:extension:minPinLength: true, webauthn:extension:prf: true, webauthn:virtualAuthenticators: true}
                            Session ID: 34e052151cb9c41b3e0b6d853a830043</td></tr>
                    <tr class="a">
                        <td>-</td>
                        <td>
                            <div id="verifyContinueButtonFunction-error">authentications.VerifyAccountCreatedTest:138</div></td></tr>
                    <tr class="b">
                        <td><img src="images/icon_error_sml.gif" /></td>
                        <td><a id="checkout.VerifyCheckOutTest.verifyProductsInOrderSection"></a>verifyProductsInOrderSection</td></tr>
                    <tr class="a">
                        <td>-</td>
                        <td>java.lang.AssertionError: Product not found in added products: Sleeveless Unicorn Print Fit &amp; Flare Net Dress - Multi</td></tr>
                    <tr class="b">
                        <td>-</td>
                        <td>
                            <div id="verifyProductsInOrderSection-failure">checkout.VerifyCheckOutTest:421</div></td></tr>
                    <tr class="a">
                        <td><img src="images/icon_error_sml.gif" /></td>
                        <td><a id="authentications.VerifyAccountSetUpTest.verifyAccountSetUpSectionText"></a>verifyAccountSetUpSectionText</td></tr>
                    <tr class="b">
                        <td>-</td>
                        <td>org.openqa.selenium.StaleElementReferenceException: stale element reference: stale element not found
                            (Session info: chrome=134.0.6998.118)
                            For documentation on this error, please visit: https://www.selenium.dev/documentation/webdriver/troubleshooting/errors#stale-element-reference-exception
                            Build info: version: '4.29.0', revision: '5fc1ec94cb'
                            System info: os.name: 'Mac OS X', os.arch: 'aarch64', os.version: '15.3.2', java.version: '23.0.2'
                            Driver info: org.openqa.selenium.chrome.ChromeDriver
                            Command: [18c446dbaf73598a2aef335ccaa71ccc, getElementText {id=f.608F7398F891C220173056E484276599.d.B118BD781A789B0BDFBF1DC2DC444BDB.e.77}]
                            Capabilities {acceptInsecureCerts: false, browserName: chrome, browserVersion: 134.0.6998.118, chrome: {chromedriverVersion: 134.0.6998.165 (fd886e2cb29..., userDataDir: /var/folders/zf/xqc06fm50ns...}, fedcm:accounts: true, goog:chromeOptions: {debuggerAddress: localhost:49925}, networkConnectionEnabled: false, pageLoadStrategy: normal, platformName: mac, proxy: Proxy(), se:cdp: ws://localhost:49925/devtoo..., se:cdpVersion: 134.0.6998.118, setWindowRect: true, strictFileInteractability: false, timeouts: {implicit: 0, pageLoad: 300000, script: 30000}, unhandledPromptBehavior: dismiss and notify, webauthn:extension:credBlob: true, webauthn:extension:largeBlob: true, webauthn:extension:minPinLength: true, webauthn:extension:prf: true, webauthn:virtualAuthenticators: true}
                            Element: [[ChromeDriver: chrome on mac (18c446dbaf73598a2aef335ccaa71ccc)] -&gt; css selector: div.login-form &gt; h2]
                            Session ID: 18c446dbaf73598a2aef335ccaa71ccc</td></tr>
                    <tr class="a">
                        <td>-</td>
                        <td>
                            <div id="verifyAccountSetUpSectionText-error">authentications.VerifyAccountSetUpTest:39</div></td></tr>
                    <tr class="b">
                        <td><img src="images/icon_error_sml.gif" /></td>
                        <td><a id="authentications.VerifyAccountSetUpTest.verifyNameValue"></a>verifyNameValue</td></tr>
                    <tr class="a">
                        <td>-</td>
                        <td>org.openqa.selenium.NoSuchElementException: no such element: Unable to locate element: {&quot;method&quot;:&quot;css selector&quot;,&quot;selector&quot;:&quot;#name&quot;}
                            (Session info: chrome=134.0.6998.118)
                            For documentation on this error, please visit: https://www.selenium.dev/documentation/webdriver/troubleshooting/errors#no-such-element-exception
                            Build info: version: '4.29.0', revision: '5fc1ec94cb'
                            System info: os.name: 'Mac OS X', os.arch: 'aarch64', os.version: '15.3.2', java.version: '23.0.2'
                            Driver info: org.openqa.selenium.chrome.ChromeDriver
                            Command: [2f3132300e247617ccea44527e2592f3, findElement {using=id, value=name}]
                            Capabilities {acceptInsecureCerts: false, browserName: chrome, browserVersion: 134.0.6998.118, chrome: {chromedriverVersion: 134.0.6998.165 (fd886e2cb29..., userDataDir: /var/folders/zf/xqc06fm50ns...}, fedcm:accounts: true, goog:chromeOptions: {debuggerAddress: localhost:49976}, networkConnectionEnabled: false, pageLoadStrategy: normal, platformName: mac, proxy: Proxy(), se:cdp: ws://localhost:49976/devtoo..., se:cdpVersion: 134.0.6998.118, setWindowRect: true, strictFileInteractability: false, timeouts: {implicit: 0, pageLoad: 300000, script: 30000}, unhandledPromptBehavior: dismiss and notify, webauthn:extension:credBlob: true, webauthn:extension:largeBlob: true, webauthn:extension:minPinLength: true, webauthn:extension:prf: true, webauthn:virtualAuthenticators: true}
                            Session ID: 2f3132300e247617ccea44527e2592f3</td></tr>
                    <tr class="b">
                        <td>-</td>
                        <td>
                            <div id="verifyNameValue-error">authentications.VerifyAccountSetUpTest:56</div></td></tr>
                    <tr class="a">
                        <td><img src="images/icon_error_sml.gif" /></td>
                        <td><a id="authentications.VerifyAccountSetUpTest.verifyEmailValue"></a>verifyEmailValue</td></tr>
                    <tr class="b">
                        <td>-</td>
                        <td>org.openqa.selenium.NoSuchElementException: no such element: Unable to locate element: {&quot;method&quot;:&quot;css selector&quot;,&quot;selector&quot;:&quot;#email&quot;}
                            (Session info: chrome=134.0.6998.118)
                            For documentation on this error, please visit: https://www.selenium.dev/documentation/webdriver/troubleshooting/errors#no-such-element-exception
                            Build info: version: '4.29.0', revision: '5fc1ec94cb'
                            System info: os.name: 'Mac OS X', os.arch: 'aarch64', os.version: '15.3.2', java.version: '23.0.2'
                            Driver info: org.openqa.selenium.chrome.ChromeDriver
                            Command: [c92ca3733896cfb910d455b851f862ef, findElement {using=id, value=email}]
                            Capabilities {acceptInsecureCerts: false, browserName: chrome, browserVersion: 134.0.6998.118, chrome: {chromedriverVersion: 134.0.6998.165 (fd886e2cb29..., userDataDir: /var/folders/zf/xqc06fm50ns...}, fedcm:accounts: true, goog:chromeOptions: {debuggerAddress: localhost:50010}, networkConnectionEnabled: false, pageLoadStrategy: normal, platformName: mac, proxy: Proxy(), se:cdp: ws://localhost:50010/devtoo..., se:cdpVersion: 134.0.6998.118, setWindowRect: true, strictFileInteractability: false, timeouts: {implicit: 0, pageLoad: 300000, script: 30000}, unhandledPromptBehavior: dismiss and notify, webauthn:extension:credBlob: true, webauthn:extension:largeBlob: true, webauthn:extension:minPinLength: true, webauthn:extension:prf: true, webauthn:virtualAuthenticators: true}
                            Session ID: c92ca3733896cfb910d455b851f862ef</td></tr>
                    <tr class="a">
                        <td>-</td>
                        <td>
                            <div id="verifyEmailValue-error">authentications.VerifyAccountSetUpTest:75</div></td></tr>
                    <tr class="b">
                        <td><img src="images/icon_error_sml.gif" /></td>
                        <td><a id="checkout.VerifyPaymentTest.verifyPaymentPageSectionTitleText"></a>verifyPaymentPageSectionTitleText</td></tr>
                    <tr class="a">
                        <td>-</td>
                        <td>org.openqa.selenium.StaleElementReferenceException: stale element reference: stale element not found
                            (Session info: chrome=134.0.6998.118)
                            For documentation on this error, please visit: https://www.selenium.dev/documentation/webdriver/troubleshooting/errors#stale-element-reference-exception
                            Build info: version: '4.29.0', revision: '5fc1ec94cb'
                            System info: os.name: 'Mac OS X', os.arch: 'aarch64', os.version: '15.3.2', java.version: '23.0.2'
                            Driver info: org.openqa.selenium.chrome.ChromeDriver
                            Command: [29c70926f0bbb8d8ee1d78b7ea730d5f, executeScript {script=arguments[0].click();, args=[{element-6066-11e4-a52e-4f735466cecf=f.EBEE2FB77699BD2FF4A4CCB89B512F0B.d.71CD7228EF7D1C92B9F72DBF0F02EBB4.e.54}]}]
                            Capabilities {acceptInsecureCerts: false, browserName: chrome, browserVersion: 134.0.6998.118, chrome: {chromedriverVersion: 134.0.6998.165 (fd886e2cb29..., userDataDir: /var/folders/zf/xqc06fm50ns...}, fedcm:accounts: true, goog:chromeOptions: {debuggerAddress: localhost:53925}, networkConnectionEnabled: false, pageLoadStrategy: normal, platformName: mac, proxy: Proxy(), se:cdp: ws://localhost:53925/devtoo..., se:cdpVersion: 134.0.6998.118, setWindowRect: true, strictFileInteractability: false, timeouts: {implicit: 0, pageLoad: 300000, script: 30000}, unhandledPromptBehavior: dismiss and notify, webauthn:extension:credBlob: true, webauthn:extension:largeBlob: true, webauthn:extension:minPinLength: true, webauthn:extension:prf: true, webauthn:virtualAuthenticators: true}
                            Session ID: 29c70926f0bbb8d8ee1d78b7ea730d5f</td></tr>
                    <tr class="b">
                        <td>-</td>
                        <td>
                            <div id="verifyPaymentPageSectionTitleText-error">checkout.VerifyPaymentTest:43</div></td></tr>
                    <tr class="a">
                        <td><img src="images/icon_error_sml.gif" /></td>
                        <td><a id="checkout.VerifyPaymentTest.verifyPaymentDoneReroute"></a>verifyPaymentDoneReroute</td></tr>
                    <tr class="b">
                        <td>-</td>
                        <td>org.openqa.selenium.NoSuchElementException: no such element: Unable to locate element: {&quot;method&quot;:&quot;css selector&quot;,&quot;selector&quot;:&quot;section#form&gt; div.container &gt; div.row &gt; div &gt; h2 &gt; b&quot;}
                            (Session info: chrome=134.0.6998.118)
                            For documentation on this error, please visit: https://www.selenium.dev/documentation/webdriver/troubleshooting/errors#no-such-element-exception
                            Build info: version: '4.29.0', revision: '5fc1ec94cb'
                            System info: os.name: 'Mac OS X', os.arch: 'aarch64', os.version: '15.3.2', java.version: '23.0.2'
                            Driver info: org.openqa.selenium.chrome.ChromeDriver
                            Command: [c1774eb1e13ae90821b554de5be565ff, findElement {using=css selector, value=section#form&gt; div.container &gt; div.row &gt; div &gt; h2 &gt; b}]
                            Capabilities {acceptInsecureCerts: false, browserName: chrome, browserVersion: 134.0.6998.118, chrome: {chromedriverVersion: 134.0.6998.165 (fd886e2cb29..., userDataDir: /var/folders/zf/xqc06fm50ns...}, fedcm:accounts: true, goog:chromeOptions: {debuggerAddress: localhost:53975}, networkConnectionEnabled: false, pageLoadStrategy: normal, platformName: mac, proxy: Proxy(), se:cdp: ws://localhost:53975/devtoo..., se:cdpVersion: 134.0.6998.118, setWindowRect: true, strictFileInteractability: false, timeouts: {implicit: 0, pageLoad: 300000, script: 30000}, unhandledPromptBehavior: dismiss and notify, webauthn:extension:credBlob: true, webauthn:extension:largeBlob: true, webauthn:extension:minPinLength: true, webauthn:extension:prf: true, webauthn:virtualAuthenticators: true}
                            Session ID: c1774eb1e13ae90821b554de5be565ff</td></tr>
                    <tr class="a">
                        <td>-</td>
                        <td>
                            <div id="verifyPaymentDoneReroute-error">checkout.VerifyPaymentTest:141</div></td></tr></table><br /></section></section>
    </main>
</div>
<hr/>
<footer>
    <div class="container">
        <div class="row">
            <p>Â©      2025
            </p>
        </div>
        <p id="poweredBy" class="pull-right"><a href="https://maven.apache.org/" class="builtBy" target="_blank"><img class="builtBy" alt="Built by Maven" src="images/logos/maven-feather.png" /></a>
        </p>
    </div>
</footer>
<script>
    if(anchors) {
      anchors.add();
    }
</script>
</body>
</html>